2026-06-24 22:19:49,227 [MainThread] === 开始特征预计算 (PID=10721) ===
2026-06-24 22:19:49,228 [MainThread] daily_features 表就绪
2026-06-24 22:19:49,228 [MainThread] 开始 L3 资金流 (4线程并行)
2026-06-24 22:19:49,534 [MainThread] NumExpr defaulting to 8 threads.
2026-06-24 22:20:00,236 [MainThread]   总5532只, 已有10只, 待拉5522只
2026-06-24 22:20:00,236 [MainThread]   4组分配: [1381, 1381, 1381, 1379]
2026-06-24 22:25:07,702 [ThreadPoolExecutor-0_3]   [L3-3] 500/1379 (成功500,失败0) 307s 预计847s
2026-06-24 22:25:24,136 [ThreadPoolExecutor-0_0]   [L3-0] 500/1381 (成功500,失败0) 324s 预计894s
2026-06-24 22:25:26,181 [ThreadPoolExecutor-0_1]   [L3-1] 500/1381 (成功500,失败0) 326s 预计899s
2026-06-24 22:25:31,198 [ThreadPoolExecutor-0_2]   [L3-2] 500/1381 (成功500,失败0) 331s 预计913s
2026-06-24 22:30:36,332 [MainThread] === 开始特征预计算 (PID=12078) ===
2026-06-24 22:30:36,333 [MainThread] daily_features 表就绪
2026-06-24 22:30:36,334 [MainThread] 开始 L3 资金流 (4线程并行)
2026-06-24 22:30:36,654 [MainThread] NumExpr defaulting to 8 threads.
2026-06-24 22:30:47,439 [MainThread]   总5532只, 已有10只, 待拉5522只
2026-06-24 22:30:47,439 [MainThread]   4组分配: [1381, 1381, 1381, 1379]
2026-06-24 22:36:28,554 [ThreadPoolExecutor-0_3]   [L3-3] 500/1379 (成功500,失败0) 341s 预计940s
2026-06-24 22:36:59,975 [ThreadPoolExecutor-0_2]   [L3-2] 500/1381 (成功500,失败0) 372s 预计1028s
2026-06-24 22:37:01,055 [ThreadPoolExecutor-0_0]   [L3-0] 500/1381 (成功500,失败0) 373s 预计1031s
2026-06-24 22:37:02,026 [ThreadPoolExecutor-0_1]   [L3-1] 500/1381 (成功500,失败0) 374s 预计1034s
2026-06-24 22:40:10,583 [ThreadPoolExecutor-0_3]   [L3-3] 1000/1379 (成功1000,失败0) 563s 预计776s
2026-06-24 22:41:13,092 [MainThread] === 开始特征预计算 (PID=13410) ===
2026-06-24 22:41:13,094 [MainThread] daily_features 表就绪
2026-06-24 22:41:13,094 [MainThread] 开始 L3 资金流 (4线程并行)
2026-06-24 22:41:13,411 [MainThread] NumExpr defaulting to 8 threads.
2026-06-24 22:41:24,198 [MainThread]   总5532只, 已有10只, 待拉5522只
2026-06-24 22:41:24,198 [MainThread]   4组分配: [1381, 1381, 1381, 1379]
2026-06-24 22:45:26,369 [ThreadPoolExecutor-0_3]   [L3-3] 500/1379 (成功500,失败0) 242s 预计667s
2026-06-24 22:45:51,113 [ThreadPoolExecutor-0_1]   [L3-1] 500/1381 (成功500,失败0) 267s 预计736s
2026-06-24 22:46:01,452 [ThreadPoolExecutor-0_0]   [L3-0] 500/1381 (成功500,失败0) 277s 预计765s
2026-06-24 22:46:01,912 [ThreadPoolExecutor-0_2]   [L3-2] 500/1381 (成功500,失败0) 277s 预计766s
2026-06-24 22:50:11,084 [ThreadPoolExecutor-0_3]   [L3-3] 1000/1379 (成功1000,失败0) 527s 预计726s
2026-06-24 22:50:43,691 [ThreadPoolExecutor-0_1]   [L3-1] 1000/1381 (成功1000,失败0) 559s 预计772s
2026-06-24 22:50:49,692 [ThreadPoolExecutor-0_2]   [L3-2] 1000/1381 (成功1000,失败0) 565s 预计780s
2026-06-24 22:50:53,894 [ThreadPoolExecutor-0_0]   [L3-0] 1000/1381 (成功1000,失败0) 569s 预计786s
2026-06-24 22:51:10,681 [ThreadPoolExecutor-0_3]   [L3-3] 完成: 成功1379, 失败0, 586s
2026-06-24 22:53:38,042 [ThreadPoolExecutor-0_1]   [L3-1] 完成: 成功1381, 失败0, 734s
2026-06-24 22:54:04,710 [ThreadPoolExecutor-0_2]   [L3-2] 完成: 成功1381, 失败0, 760s
2026-06-24 22:54:05,439 [ThreadPoolExecutor-0_0]   [L3-0] 完成: 成功1381, 失败0, 761s
2026-06-24 22:54:05,929 [MainThread] L3 完成: 写入5522条, 耗时773s
2026-06-24 22:54:05,931 [MainThread] === 全部完成 (总耗时773s) ===
