=== 14:13:41 L3 start=165 count=10 ===
2026-06-26 14:13:41,310 [MainThread] === 开始特征预计算 (PID=19656) ===
2026-06-26 14:13:41,443 [MainThread] NumExpr defaulting to 8 threads.
2026-06-26 14:13:41,622 [MainThread] 开始 L3 资金流 (start=165, count=10, 4线程)
2026-06-26 14:13:50,799 [MainThread]   总5215只 (排除BSE), 全量拉取 (INSERT OR REPLACE 自动去重)
2026-06-26 14:13:50,799 [MainThread]   4组: [1304, 1304, 1304, 1303]
2026-06-26 14:27:26,431 [ThreadPoolExecutor-0_2]   [L3-2] 200/1304(成功198/失败2) 815s 预计5316s | DB累计1980条
2026-06-26 14:28:41,311 [ThreadPoolExecutor-0_3]   [L3-3] 200/1303(成功196/失败4) 890s 预计5800s | DB累计1960条
2026-06-26 14:31:12,492 [ThreadPoolExecutor-0_0]   [L3-0] 200/1304(成功199/失败1) 1041s 预计6790s | DB累计1990条
2026-06-26 14:31:30,493 [ThreadPoolExecutor-0_1]   [L3-1] 200/1304(成功199/失败1) 1059s 预计6907s | DB累计1990条
2026-06-26 14:41:52,254 [ThreadPoolExecutor-0_3]   [L3-3] 400/1303(成功388/失败12) 1681s 预计5476s | DB累计3880条
2026-06-26 14:45:02,124 [ThreadPoolExecutor-0_2]   [L3-2] 400/1304(成功388/失败12) 1871s 预计6100s | DB累计3880条
2026-06-26 14:48:40,031 [ThreadPoolExecutor-0_0]   [L3-0] 400/1304(成功399/失败1) 2089s 预计6810s | DB累计3990条
2026-06-26 14:48:40,528 [ThreadPoolExecutor-0_1]   [L3-1] 400/1304(成功399/失败1) 2089s 预计6812s | DB累计3990条
2026-06-26 14:58:08,614 [ThreadPoolExecutor-0_3]   [L3-3] 600/1303(成功588/失败12) 2657s 预计5771s | DB累计5880条
2026-06-26 15:02:42,157 [ThreadPoolExecutor-0_0]   [L3-0] 600/1304(成功586/失败14) 2931s 预计6370s | DB累计5860条
2026-06-26 15:04:07,966 [ThreadPoolExecutor-0_2]   [L3-2] 600/1304(成功588/失败12) 3017s 预计6557s | DB累计5880条
2026-06-26 15:06:59,697 [ThreadPoolExecutor-0_1]   [L3-1] 600/1304(成功599/失败1) 3189s 预计6930s | DB累计5990条
2026-06-26 15:14:32,628 [ThreadPoolExecutor-0_3]   [L3-3] 800/1303(成功788/失败12) 3642s 预计5931s | DB累计7880条
2026-06-26 15:22:21,828 [ThreadPoolExecutor-0_0]   [L3-0] 800/1304(成功786/失败14) 4111s 预计6701s | DB累计7860条
2026-06-26 15:24:38,236 [ThreadPoolExecutor-0_2]   [L3-2] 800/1304(成功786/失败14) 4247s 预计6923s | DB累计7860条
2026-06-26 15:25:18,914 [ThreadPoolExecutor-0_1]   [L3-1] 800/1304(成功799/失败1) 4288s 预计6989s | DB累计7990条
2026-06-26 15:34:42,550 [ThreadPoolExecutor-0_3]   [L3-3] 1000/1303(成功987/失败13) 4851s 预计6321s | DB累计9870条
2026-06-26 15:41:28,607 [ThreadPoolExecutor-0_0]   [L3-0] 1000/1304(成功986/失败14) 5258s 预计6856s | DB累计9860条
2026-06-26 15:46:46,680 [ThreadPoolExecutor-0_2]   [L3-2] 1000/1304(成功986/失败14) 5576s 预计7271s | DB累计9860条
2026-06-26 15:49:08,402 [ThreadPoolExecutor-0_1]   [L3-1] 1000/1304(成功999/失败1) 5717s 预计7455s | DB累计9990条
2026-06-26 15:51:05,508 [ThreadPoolExecutor-0_3]   [L3-3] 1200/1303(成功1186/失败14) 5834s 预计6335s | DB累计11860条
2026-06-26 15:57:36,901 [ThreadPoolExecutor-0_3]   [L3-3] 完成: 成功1269/失败34, 6226s | DB累计11860条
2026-06-26 15:58:12,030 [ThreadPoolExecutor-0_0]   [L3-0] 1200/1304(成功1186/失败14) 6261s 预计6804s | DB累计11860条
2026-06-26 16:06:15,343 [ThreadPoolExecutor-0_1]   [L3-1] 1200/1304(成功1199/失败1) 6744s 预计7329s | DB累计11990条
2026-06-26 16:07:48,898 [ThreadPoolExecutor-0_0]   [L3-0] 完成: 成功1290/失败14, 6838s | DB累计11860条
2026-06-26 16:09:50,504 [ThreadPoolExecutor-0_2]   [L3-2] 1200/1304(成功1185/失败15) 6959s 预计7563s | DB累计11843条
2026-06-26 16:14:03,650 [ThreadPoolExecutor-0_1]   [L3-1] 完成: 成功1303/失败1, 7213s | DB累计11990条
2026-06-26 16:21:01,044 [ThreadPoolExecutor-0_2]   [L3-2] 完成: 成功1289/失败15, 7630s | DB累计11843条
2026-06-26 16:21:01,139 [MainThread] L3 完成: 3950条, 7640s (127.3min)
2026-06-26 16:21:01,140 [MainThread] === 全部完成 (总耗时7640s) ===
=== 16:21:01 batch 165 done ===
=== 16:21:01 L3 start=175 count=10 ===
2026-06-26 16:21:01,344 [MainThread] === 开始特征预计算 (PID=31194) ===
2026-06-26 16:21:01,506 [MainThread] NumExpr defaulting to 8 threads.
2026-06-26 16:21:01,701 [MainThread] 开始 L3 资金流 (start=175, count=10, 4线程)
2026-06-26 16:21:10,901 [MainThread]   总5215只 (排除BSE), 全量拉取 (INSERT OR REPLACE 自动去重)
2026-06-26 16:21:10,903 [MainThread]   4组: [1304, 1304, 1304, 1303]
