2026-06-25 16:38:10,241 [MainThread] === 开始特征预计算 (PID=56664) ===
2026-06-25 16:38:10,511 [MainThread] NumExpr defaulting to 8 threads.
2026-06-25 16:38:11,238 [MainThread] 开始 L3 资金流 (start=1, count=10, 4线程)
2026-06-25 16:38:20,293 [MainThread]   总5215只 (排除BSE), 全量拉取 (INSERT OR REPLACE 自动去重)
2026-06-25 16:38:20,293 [MainThread]   4组: [1304, 1304, 1304, 1303]
2026-06-25 16:52:43,886 [ThreadPoolExecutor-0_3]   [L3-3] 200/1303(成功200/失败0) 863s 预计5625s
2026-06-25 16:53:08,081 [ThreadPoolExecutor-0_2]   [L3-2] 200/1304(成功200/失败0) 888s 预计5787s
2026-06-25 16:56:34,299 [ThreadPoolExecutor-0_0]   [L3-0] 200/1304(成功199/失败1) 1094s 预计7131s
2026-06-25 16:59:15,127 [ThreadPoolExecutor-0_1]   [L3-1] 200/1304(成功199/失败1) 1254s 预计8179s
2026-06-25 17:11:37,117 [ThreadPoolExecutor-0_3]   [L3-3] 400/1303(成功400/失败0) 1997s 预计6504s
2026-06-25 17:23:33,947 [ThreadPoolExecutor-0_2]   [L3-2] 400/1304(成功400/失败0) 2713s 预计8846s
2026-06-25 17:52:06,224 [ThreadPoolExecutor-0_0]   [L3-0] 400/1304(成功399/失败1) 4426s 预计14427s
2026-06-25 18:11:06,392 [ThreadPoolExecutor-0_1]   [L3-1] 400/1304(成功399/失败1) 5566s 预计18144s
2026-06-25 18:22:08,143 [ThreadPoolExecutor-0_3]   [L3-3] 600/1303(成功600/失败0) 6228s 预计13524s
2026-06-25 18:24:23,414 [ThreadPoolExecutor-0_2]   [L3-2] 600/1304(成功600/失败0) 6363s 预计13829s
2026-06-25 18:29:08,957 [ThreadPoolExecutor-0_0]   [L3-0] 600/1304(成功599/失败1) 6648s 预计14449s
2026-06-25 18:32:17,840 [ThreadPoolExecutor-0_1]   [L3-1] 600/1304(成功599/失败1) 6837s 预计14860s
2026-06-25 18:39:42,973 [ThreadPoolExecutor-0_3]   [L3-3] 800/1303(成功800/失败0) 7282s 预计11861s
2026-06-25 18:42:24,685 [ThreadPoolExecutor-0_2]   [L3-2] 800/1304(成功800/失败0) 7444s 预计12134s
2026-06-25 18:46:20,333 [ThreadPoolExecutor-0_0]   [L3-0] 800/1304(成功799/失败1) 7680s 预计12518s
2026-06-25 18:50:19,952 [ThreadPoolExecutor-0_1]   [L3-1] 800/1304(成功799/失败1) 7919s 预计12908s
2026-06-25 18:56:55,161 [ThreadPoolExecutor-0_3]   [L3-3] 1000/1303(成功999/失败1) 8315s 预计10834s
2026-06-25 18:57:49,121 [ThreadPoolExecutor-0_2]   [L3-2] 1000/1304(成功1000/失败0) 8369s 预计10913s
2026-06-25 19:04:44,903 [ThreadPoolExecutor-0_0]   [L3-0] 1000/1304(成功999/失败1) 8784s 预计11455s
2026-06-25 19:07:44,964 [ThreadPoolExecutor-0_1]   [L3-1] 1000/1304(成功999/失败1) 8964s 预计11689s
2026-06-25 19:12:47,300 [ThreadPoolExecutor-0_3]   [L3-3] 1200/1303(成功1199/失败1) 9267s 预计10062s
2026-06-25 19:16:44,043 [ThreadPoolExecutor-0_2]   [L3-2] 1200/1304(成功1200/失败0) 9503s 预计10327s
2026-06-25 19:22:11,163 [ThreadPoolExecutor-0_0]   [L3-0] 1200/1304(成功1199/失败1) 9831s 预计10683s
2026-06-25 19:22:56,503 [ThreadPoolExecutor-0_3]   [L3-3] 完成: 成功1302/失败1, 9876s
2026-06-25 19:23:41,085 [ThreadPoolExecutor-0_1]   [L3-1] 1200/1304(成功1199/失败1) 9920s 预计10780s
2026-06-25 19:25:45,214 [ThreadPoolExecutor-0_2]   [L3-2] 完成: 成功1304/失败0, 10045s
2026-06-25 19:30:41,487 [ThreadPoolExecutor-0_0]   [L3-0] 完成: 成功1303/失败1, 10341s
2026-06-25 19:31:05,312 [ThreadPoolExecutor-0_1]   [L3-1] 完成: 成功1303/失败1, 10365s
2026-06-25 19:31:05,767 [MainThread] L3 完成: 52120条, 10376s (172.9min)
2026-06-25 19:31:05,778 [MainThread] === 全部完成 (总耗时10376s) ===
