============================================================
superquant жЁЎжӢҹдәӨжҳ“ (MLй©ұеҠЁ)
  еҗҜеҠЁ: 2026-06-26 11:29:56
  еҪ“еүҚиө„йҮ‘: ВҘ5,000
============================================================
  рҹ“Ұ жҒўеӨҚжҢҒд»“: 300650 ВҘ14.87Г—300иӮЎ
  рҹ“Ұ жҒўеӨҚжҢҒд»“: 002141 ВҘ5.35Г—100иӮЎ
  еҪ“еүҚиө„йҮ‘: ВҘ2, жҢҒд»“: 2еҸӘ
  еҠ иҪҪMLеҖҷйҖүжұ ...
  MLеҖҷйҖү: дё»еҠӣ200еҸӘ + жҺўзҙў0еҸӘ = 200еҸӘ (from DB)
  зӣ‘жҺ§жұ : 200еҸӘ (дё»еҠӣ200еҸӘ/жҺўзҙў0еҸӘ)
  [11:29:56] иө„йҮ‘=ВҘ2, жҢҒд»“=2
  [13:00:02] иө„йҮ‘=ВҘ2, жҢҒд»“=2
  [13:00:07] иө„йҮ‘=ВҘ2, жҢҒд»“=2
  [13:00:13] иө„йҮ‘=ВҘ2, жҢҒд»“=2
  [13:00:18] иө„йҮ‘=ВҘ2, жҢҒд»“=2
  [13:00:24] иө„йҮ‘=ВҘ2, жҢҒд»“=2
  [13:00:29] иө„йҮ‘=ВҘ2, жҢҒд»“=2
  [13:00:34] иө„йҮ‘=ВҘ2, жҢҒд»“=2
  [13:00:40] иө„йҮ‘=ВҘ2, жҢҒд»“=2
  [13:00:45] иө„йҮ‘=ВҘ2, жҢҒд»“=2
  [13:00:50] иө„йҮ‘=ВҘ2, жҢҒд»“=2
  [13:00:55] иө„йҮ‘=ВҘ2, жҢҒд»“=2
  [13:01:00] иө„йҮ‘=ВҘ2, жҢҒд»“=2
  [13:01:06] иө„йҮ‘=ВҘ2, жҢҒд»“=2
  [13:01:11] иө„йҮ‘=ВҘ2, жҢҒд»“=2
  [13:01:16] иө„йҮ‘=ВҘ2, жҢҒд»“=2
  [13:01:21] иө„йҮ‘=ВҘ2, жҢҒд»“=2
  [13:01:27] иө„йҮ‘=ВҘ2, жҢҒд»“=2
  [13:01:32] иө„йҮ‘=ВҘ2, жҢҒд»“=2
  [13:01:37] иө„йҮ‘=ВҘ2, жҢҒд»“=2
  [13:01:42] иө„йҮ‘=ВҘ2, жҢҒд»“=2
  [13:01:48] иө„йҮ‘=ВҘ2, жҢҒд»“=2
  [13:01:53] иө„йҮ‘=ВҘ2, жҢҒд»“=2
  [13:01:58] иө„йҮ‘=ВҘ2, жҢҒд»“=2
  [13:02:03] иө„йҮ‘=ВҘ2, жҢҒд»“=2
  [13:02:09] иө„йҮ‘=ВҘ2, жҢҒд»“=2
  [13:02:14] иө„йҮ‘=ВҘ2, жҢҒд»“=2
  [13:02:19] иө„йҮ‘=ВҘ2, жҢҒд»“=2
  [13:02:24] иө„йҮ‘=ВҘ2, жҢҒд»“=2
  [13:02:30] иө„йҮ‘=ВҘ2, жҢҒд»“=2
  [13:02:35] иө„йҮ‘=ВҘ2, жҢҒд»“=2
  [13:02:40] иө„йҮ‘=ВҘ2, жҢҒд»“=2
  [13:02:45] иө„йҮ‘=ВҘ2, жҢҒд»“=2
  [13:02:51] иө„йҮ‘=ВҘ2, жҢҒд»“=2
  [13:02:56] иө„йҮ‘=ВҘ2, жҢҒд»“=2
  [13:03:02] иө„йҮ‘=ВҘ2, жҢҒд»“=2
  [13:03:07] иө„йҮ‘=ВҘ2, жҢҒд»“=2
  [13:03:12] иө„йҮ‘=ВҘ2, жҢҒд»“=2
  [13:03:18] иө„йҮ‘=ВҘ2, жҢҒд»“=2
  [13:03:23] иө„йҮ‘=ВҘ2, жҢҒд»“=2
  [13:03:28] иө„йҮ‘=ВҘ2, жҢҒд»“=2
  [13:03:33] иө„йҮ‘=ВҘ2, жҢҒд»“=2
  [13:03:39] иө„йҮ‘=ВҘ2, жҢҒд»“=2
  [13:03:44] иө„йҮ‘=ВҘ2, жҢҒд»“=2
  [13:03:49] иө„йҮ‘=ВҘ2, жҢҒд»“=2
  [13:03:54] иө„йҮ‘=ВҘ2, жҢҒд»“=2
  [13:04:00] иө„йҮ‘=ВҘ2, жҢҒд»“=2
  [13:04:05] иө„йҮ‘=ВҘ2, жҢҒд»“=2
  [13:04:10] иө„йҮ‘=ВҘ2, жҢҒд»“=2
  [13:04:15] иө„йҮ‘=ВҘ2, жҢҒд»“=2
  [13:04:21] иө„йҮ‘=ВҘ2, жҢҒд»“=2
  [13:04:26] иө„йҮ‘=ВҘ2, жҢҒд»“=2
  [13:04:31] иө„йҮ‘=ВҘ2, жҢҒд»“=2
  [13:04:37] иө„йҮ‘=ВҘ2, жҢҒд»“=2
  [13:04:42] иө„йҮ‘=ВҘ2, жҢҒд»“=2
  [13:04:47] иө„йҮ‘=ВҘ2, жҢҒд»“=2
  [13:04:53] иө„йҮ‘=ВҘ2, жҢҒд»“=2
  [13:04:58] иө„йҮ‘=ВҘ2, жҢҒд»“=2
  [13:05:03] иө„йҮ‘=ВҘ2, жҢҒд»“=2
  [13:05:08] иө„йҮ‘=ВҘ2, жҢҒд»“=2
  [13:05:14] иө„йҮ‘=ВҘ2, жҢҒд»“=2
  [13:05:19] иө„йҮ‘=ВҘ2, жҢҒд»“=2
  [13:05:24] иө„йҮ‘=ВҘ2, жҢҒд»“=2
  [13:05:29] иө„йҮ‘=ВҘ2, жҢҒд»“=2
  [13:05:35] иө„йҮ‘=ВҘ2, жҢҒд»“=2
  [13:05:40] иө„йҮ‘=ВҘ2, жҢҒд»“=2
  [13:05:45] иө„йҮ‘=ВҘ2, жҢҒд»“=2
  [13:05:51] иө„йҮ‘=ВҘ2, жҢҒд»“=2
  [13:05:56] иө„йҮ‘=ВҘ2, жҢҒд»“=2
  [13:06:01] иө„йҮ‘=ВҘ2, жҢҒд»“=2
  [13:06:06] иө„йҮ‘=ВҘ2, жҢҒд»“=2
  [13:06:12] иө„йҮ‘=ВҘ2, жҢҒд»“=2
  [13:06:17] иө„йҮ‘=ВҘ2, жҢҒд»“=2
  [13:06:22] иө„йҮ‘=ВҘ2, жҢҒд»“=2
  [13:06:27] иө„йҮ‘=ВҘ2, жҢҒд»“=2
  [13:06:33] иө„йҮ‘=ВҘ2, жҢҒд»“=2
  [13:06:38] иө„йҮ‘=ВҘ2, жҢҒд»“=2
  [13:06:43] иө„йҮ‘=ВҘ2, жҢҒд»“=2
  [13:06:48] иө„йҮ‘=ВҘ2, жҢҒд»“=2
  [13:06:54] иө„йҮ‘=ВҘ2, жҢҒд»“=2
  [13:07:00] иө„йҮ‘=ВҘ2, жҢҒд»“=2
  [13:07:05] иө„йҮ‘=ВҘ2, жҢҒд»“=2
  [13:07:10] иө„йҮ‘=ВҘ2, жҢҒд»“=2
  [13:07:15] иө„йҮ‘=ВҘ2, жҢҒд»“=2
  [13:07:21] иө„йҮ‘=ВҘ2, жҢҒд»“=2
  [13:07:26] иө„йҮ‘=ВҘ2, жҢҒд»“=2
  [13:07:31] иө„йҮ‘=ВҘ2, жҢҒд»“=2
  [13:07:36] иө„йҮ‘=ВҘ2, жҢҒд»“=2
  [13:07:42] иө„йҮ‘=ВҘ2, жҢҒд»“=2
  [13:07:47] иө„йҮ‘=ВҘ2, жҢҒд»“=2
  [13:07:52] иө„йҮ‘=ВҘ2, жҢҒд»“=2
  [13:07:57] иө„йҮ‘=ВҘ2, жҢҒд»“=2
  [13:08:02] иө„йҮ‘=ВҘ2, жҢҒд»“=2
  [13:08:08] иө„йҮ‘=ВҘ2, жҢҒд»“=2
  [13:08:13] иө„йҮ‘=ВҘ2, жҢҒд»“=2
  [13:08:18] иө„йҮ‘=ВҘ2, жҢҒд»“=2
  [13:08:24] иө„йҮ‘=ВҘ2, жҢҒд»“=2
  [13:08:29] иө„йҮ‘=ВҘ2, жҢҒд»“=2
  [13:08:34] иө„йҮ‘=ВҘ2, жҢҒд»“=2
  [13:08:39] иө„йҮ‘=ВҘ2, жҢҒд»“=2
  [13:08:44] иө„йҮ‘=ВҘ2, жҢҒд»“=2
  [13:08:50] иө„йҮ‘=ВҘ2, жҢҒд»“=2
  [13:08:55] иө„йҮ‘=ВҘ2, жҢҒд»“=2
  [13:09:00] иө„йҮ‘=ВҘ2, жҢҒд»“=2
  [13:09:05] иө„йҮ‘=ВҘ2, жҢҒд»“=2
  [13:09:11] иө„йҮ‘=ВҘ2, жҢҒд»“=2
  [13:09:16] иө„йҮ‘=ВҘ2, жҢҒд»“=2
  [13:09:21] иө„йҮ‘=ВҘ2, жҢҒд»“=2
  [13:09:26] иө„йҮ‘=ВҘ2, жҢҒд»“=2
  [13:09:32] иө„йҮ‘=ВҘ2, жҢҒд»“=2
  [13:09:39] иө„йҮ‘=ВҘ2, жҢҒд»“=2
  [13:09:44] иө„йҮ‘=ВҘ2, жҢҒд»“=2
  [13:09:49] иө„йҮ‘=ВҘ2, жҢҒд»“=2
  [13:09:54] иө„йҮ‘=ВҘ2, жҢҒд»“=2
  [13:10:00] иө„йҮ‘=ВҘ2, жҢҒд»“=2
  [13:10:05] иө„йҮ‘=ВҘ2, жҢҒд»“=2
  [13:10:10] иө„йҮ‘=ВҘ2, жҢҒд»“=2
  [13:10:15] иө„йҮ‘=ВҘ2, жҢҒд»“=2
  [13:10:21] иө„йҮ‘=ВҘ2, жҢҒд»“=2
  [13:10:26] иө„йҮ‘=ВҘ2, жҢҒд»“=2
  [13:10:31] иө„йҮ‘=ВҘ2, жҢҒд»“=2
  [13:10:36] иө„йҮ‘=ВҘ2, жҢҒд»“=2
  [13:10:42] иө„йҮ‘=ВҘ2, жҢҒд»“=2
  [13:10:47] иө„йҮ‘=ВҘ2, жҢҒд»“=2
  [13:10:52] иө„йҮ‘=ВҘ2, жҢҒд»“=2
  [13:10:58] иө„йҮ‘=ВҘ2, жҢҒд»“=2
  [13:11:03] иө„йҮ‘=ВҘ2, жҢҒд»“=2
  [13:11:09] иө„йҮ‘=ВҘ2, жҢҒд»“=2
  [13:11:14] иө„йҮ‘=ВҘ2, жҢҒд»“=2
  [13:11:19] иө„йҮ‘=ВҘ2, жҢҒд»“=2
  [13:11:24] иө„йҮ‘=ВҘ2, жҢҒд»“=2
  [13:11:30] иө„йҮ‘=ВҘ2, жҢҒд»“=2
  [13:11:35] иө„йҮ‘=ВҘ2, жҢҒд»“=2
  [13:11:40] иө„йҮ‘=ВҘ2, жҢҒд»“=2
  [13:11:45] иө„йҮ‘=ВҘ2, жҢҒд»“=2
  [13:11:51] иө„йҮ‘=ВҘ2, жҢҒд»“=2
  [13:11:56] иө„йҮ‘=ВҘ2, жҢҒд»“=2
  [13:12:01] иө„йҮ‘=ВҘ2, жҢҒд»“=2
  [13:12:06] иө„йҮ‘=ВҘ2, жҢҒд»“=2
  [13:12:12] иө„йҮ‘=ВҘ2, жҢҒд»“=2
  [13:12:17] иө„йҮ‘=ВҘ2, жҢҒд»“=2
  [13:12:23] иө„йҮ‘=ВҘ2, жҢҒд»“=2
  [13:12:28] иө„йҮ‘=ВҘ2, жҢҒд»“=2
  [13:12:33] иө„йҮ‘=ВҘ2, жҢҒд»“=2
  [13:12:38] иө„йҮ‘=ВҘ2, жҢҒд»“=2
  [13:12:44] иө„йҮ‘=ВҘ2, жҢҒд»“=2
  [13:12:49] иө„йҮ‘=ВҘ2, жҢҒд»“=2
  [13:12:54] иө„йҮ‘=ВҘ2, жҢҒд»“=2
  [13:12:59] иө„йҮ‘=ВҘ2, жҢҒд»“=2
  [13:13:04] иө„йҮ‘=ВҘ2, жҢҒд»“=2
  [13:13:10] иө„йҮ‘=ВҘ2, жҢҒд»“=2
  [13:13:15] иө„йҮ‘=ВҘ2, жҢҒд»“=2
  [13:13:20] иө„йҮ‘=ВҘ2, жҢҒд»“=2
  [13:13:25] иө„йҮ‘=ВҘ2, жҢҒд»“=2
  [13:13:31] иө„йҮ‘=ВҘ2, жҢҒд»“=2
  [13:13:36] иө„йҮ‘=ВҘ2, жҢҒд»“=2
  [13:13:42] иө„йҮ‘=ВҘ2, жҢҒд»“=2
  [13:13:47] иө„йҮ‘=ВҘ2, жҢҒд»“=2
  [13:13:52] иө„йҮ‘=ВҘ2, жҢҒд»“=2
  [13:13:57] иө„йҮ‘=ВҘ2, жҢҒд»“=2
  [13:14:02] иө„йҮ‘=ВҘ2, жҢҒд»“=2
  [13:14:08] иө„йҮ‘=ВҘ2, жҢҒд»“=2
  [13:14:13] иө„йҮ‘=ВҘ2, жҢҒд»“=2
  [13:14:18] иө„йҮ‘=ВҘ2, жҢҒд»“=2
  [13:14:23] иө„йҮ‘=ВҘ2, жҢҒд»“=2
  [13:14:29] иө„йҮ‘=ВҘ2, жҢҒд»“=2
  [13:14:34] иө„йҮ‘=ВҘ2, жҢҒд»“=2
  [13:14:39] иө„йҮ‘=ВҘ2, жҢҒд»“=2
  [13:14:44] иө„йҮ‘=ВҘ2, жҢҒд»“=2
  [13:14:50] иө„йҮ‘=ВҘ2, жҢҒд»“=2
  [13:14:56] иө„йҮ‘=ВҘ2, жҢҒд»“=2
  [13:15:01] иө„йҮ‘=ВҘ2, жҢҒд»“=2
  [13:15:06] иө„йҮ‘=ВҘ2, жҢҒд»“=2
  [13:15:11] иө„йҮ‘=ВҘ2, жҢҒд»“=2
  [13:15:17] иө„йҮ‘=ВҘ2, жҢҒд»“=2
  [13:15:22] иө„йҮ‘=ВҘ2, жҢҒд»“=2
  [13:15:27] иө„йҮ‘=ВҘ2, жҢҒд»“=2
  [13:15:33] иө„йҮ‘=ВҘ2, жҢҒд»“=2
  [13:15:38] иө„йҮ‘=ВҘ2, жҢҒд»“=2
  [13:15:43] иө„йҮ‘=ВҘ2, жҢҒд»“=2
  [13:15:48] иө„йҮ‘=ВҘ2, жҢҒд»“=2
  [13:15:54] иө„йҮ‘=ВҘ2, жҢҒд»“=2
  [13:15:59] иө„йҮ‘=ВҘ2, жҢҒд»“=2
  [13:16:04] иө„йҮ‘=ВҘ2, жҢҒд»“=2
  [13:16:09] иө„йҮ‘=ВҘ2, жҢҒд»“=2
  [13:16:16] иө„йҮ‘=ВҘ2, жҢҒд»“=2
  [13:16:21] иө„йҮ‘=ВҘ2, жҢҒд»“=2
  [13:16:27] иө„йҮ‘=ВҘ2, жҢҒд»“=2
  [13:16:32] иө„йҮ‘=ВҘ2, жҢҒд»“=2
  [13:16:37] иө„йҮ‘=ВҘ2, жҢҒд»“=2
  [13:16:42] иө„йҮ‘=ВҘ2, жҢҒд»“=2
  [13:16:48] иө„йҮ‘=ВҘ2, жҢҒд»“=2
  [13:16:53] иө„йҮ‘=ВҘ2, жҢҒд»“=2
  [13:16:58] иө„йҮ‘=ВҘ2, жҢҒд»“=2
  [13:17:04] иө„йҮ‘=ВҘ2, жҢҒд»“=2
  [13:17:09] иө„йҮ‘=ВҘ2, жҢҒд»“=2
  [13:17:14] иө„йҮ‘=ВҘ2, жҢҒд»“=2
  [13:17:19] иө„йҮ‘=ВҘ2, жҢҒд»“=2
  [13:17:24] иө„йҮ‘=ВҘ2, жҢҒд»“=2
  [13:17:30] иө„йҮ‘=ВҘ2, жҢҒд»“=2
  [13:17:35] иө„йҮ‘=ВҘ2, жҢҒд»“=2
  [13:17:41] иө„йҮ‘=ВҘ2, жҢҒд»“=2
  [13:17:46] иө„йҮ‘=ВҘ2, жҢҒд»“=2
  [13:17:51] иө„йҮ‘=ВҘ2, жҢҒд»“=2
  [13:17:57] иө„йҮ‘=ВҘ2, жҢҒд»“=2
  [13:18:02] иө„йҮ‘=ВҘ2, жҢҒд»“=2
  [13:18:07] иө„йҮ‘=ВҘ2, жҢҒд»“=2
  [13:18:12] иө„йҮ‘=ВҘ2, жҢҒд»“=2
  [13:18:18] иө„йҮ‘=ВҘ2, жҢҒд»“=2
  [13:18:23] иө„йҮ‘=ВҘ2, жҢҒд»“=2
  [13:18:28] иө„йҮ‘=ВҘ2, жҢҒд»“=2
  [13:18:33] иө„йҮ‘=ВҘ2, жҢҒд»“=2
  [13:18:38] иө„йҮ‘=ВҘ2, жҢҒд»“=2
  [13:18:44] иө„йҮ‘=ВҘ2, жҢҒд»“=2
  [13:18:49] иө„йҮ‘=ВҘ2, жҢҒд»“=2
  [13:18:55] иө„йҮ‘=ВҘ2, жҢҒд»“=2
  [13:19:00] иө„йҮ‘=ВҘ2, жҢҒд»“=2
  [13:19:05] иө„йҮ‘=ВҘ2, жҢҒд»“=2
  [13:19:11] иө„йҮ‘=ВҘ2, жҢҒд»“=2
  [13:19:16] иө„йҮ‘=ВҘ2, жҢҒд»“=2
  [13:19:21] иө„йҮ‘=ВҘ2, жҢҒд»“=2
  [13:19:26] иө„йҮ‘=ВҘ2, жҢҒд»“=2
  [13:19:32] иө„йҮ‘=ВҘ2, жҢҒд»“=2
  [13:19:37] иө„йҮ‘=ВҘ2, жҢҒд»“=2
  [13:19:42] иө„йҮ‘=ВҘ2, жҢҒд»“=2
  [13:19:47] иө„йҮ‘=ВҘ2, жҢҒд»“=2
  [13:19:53] иө„йҮ‘=ВҘ2, жҢҒд»“=2
  [13:19:58] иө„йҮ‘=ВҘ2, жҢҒд»“=2
  [13:20:03] иө„йҮ‘=ВҘ2, жҢҒд»“=2
  [13:20:08] иө„йҮ‘=ВҘ2, жҢҒд»“=2
  [13:20:14] иө„йҮ‘=ВҘ2, жҢҒд»“=2
  [13:20:19] иө„йҮ‘=ВҘ2, жҢҒд»“=2
  [13:20:25] иө„йҮ‘=ВҘ2, жҢҒд»“=2
  [13:20:30] иө„йҮ‘=ВҘ2, жҢҒд»“=2
  [13:20:35] иө„йҮ‘=ВҘ2, жҢҒд»“=2
  [13:20:41] иө„йҮ‘=ВҘ2, жҢҒд»“=2
  [13:20:46] иө„йҮ‘=ВҘ2, жҢҒд»“=2
  [13:20:51] иө„йҮ‘=ВҘ2, жҢҒд»“=2
  [13:20:56] иө„йҮ‘=ВҘ2, жҢҒд»“=2
  [13:21:02] иө„йҮ‘=ВҘ2, жҢҒд»“=2
  [13:21:07] иө„йҮ‘=ВҘ2, жҢҒд»“=2
  [13:21:12] иө„йҮ‘=ВҘ2, жҢҒд»“=2
  [13:21:17] иө„йҮ‘=ВҘ2, жҢҒд»“=2
  [13:21:23] иө„йҮ‘=ВҘ2, жҢҒд»“=2
  [13:21:28] иө„йҮ‘=ВҘ2, жҢҒд»“=2
  [13:21:35] иө„йҮ‘=ВҘ2, жҢҒд»“=2
  [13:21:40] иө„йҮ‘=ВҘ2, жҢҒд»“=2
  [13:21:45] иө„йҮ‘=ВҘ2, жҢҒд»“=2
  [13:21:51] иө„йҮ‘=ВҘ2, жҢҒд»“=2
  [13:21:56] иө„йҮ‘=ВҘ2, жҢҒд»“=2
  [13:22:01] иө„йҮ‘=ВҘ2, жҢҒд»“=2
  [13:22:06] иө„йҮ‘=ВҘ2, жҢҒд»“=2
  [13:22:12] иө„йҮ‘=ВҘ2, жҢҒд»“=2
  [13:22:17] иө„йҮ‘=ВҘ2, жҢҒд»“=2
  [13:22:22] иө„йҮ‘=ВҘ2, жҢҒд»“=2
  [13:22:28] иө„йҮ‘=ВҘ2, жҢҒд»“=2
  [13:22:33] иө„йҮ‘=ВҘ2, жҢҒд»“=2
  [13:22:38] иө„йҮ‘=ВҘ2, жҢҒд»“=2
  [13:22:44] иө„йҮ‘=ВҘ2, жҢҒд»“=2
  [13:22:49] иө„йҮ‘=ВҘ2, жҢҒд»“=2
  [13:22:55] иө„йҮ‘=ВҘ2, жҢҒд»“=2
  [13:23:01] иө„йҮ‘=ВҘ2, жҢҒд»“=2
  [13:23:06] иө„йҮ‘=ВҘ2, жҢҒд»“=2
  [13:23:11] иө„йҮ‘=ВҘ2, жҢҒд»“=2
  [13:23:17] иө„йҮ‘=ВҘ2, жҢҒд»“=2
  [13:23:22] иө„йҮ‘=ВҘ2, жҢҒд»“=2
  [13:23:27] иө„йҮ‘=ВҘ2, жҢҒд»“=2
  [13:23:32] иө„йҮ‘=ВҘ2, жҢҒд»“=2
  [13:23:38] иө„йҮ‘=ВҘ2, жҢҒд»“=2
  [13:23:43] иө„йҮ‘=ВҘ2, жҢҒд»“=2
  [13:23:48] иө„йҮ‘=ВҘ2, жҢҒд»“=2
  [13:23:53] иө„йҮ‘=ВҘ2, жҢҒд»“=2
  [13:23:59] иө„йҮ‘=ВҘ2, жҢҒд»“=2
  [13:24:04] иө„йҮ‘=ВҘ2, жҢҒд»“=2
  [13:24:09] иө„йҮ‘=ВҘ2, жҢҒд»“=2
  [13:24:15] иө„йҮ‘=ВҘ2, жҢҒд»“=2
  [13:24:20] иө„йҮ‘=ВҘ2, жҢҒд»“=2
  [13:24:26] иө„йҮ‘=ВҘ2, жҢҒд»“=2
  [13:24:31] иө„йҮ‘=ВҘ2, жҢҒд»“=2
  [13:24:36] иө„йҮ‘=ВҘ2, жҢҒд»“=2
  [13:24:41] иө„йҮ‘=ВҘ2, жҢҒд»“=2
  [13:24:47] иө„йҮ‘=ВҘ2, жҢҒд»“=2
  [13:24:52] иө„йҮ‘=ВҘ2, жҢҒд»“=2
  [13:24:57] иө„йҮ‘=ВҘ2, жҢҒд»“=2
  [13:25:02] иө„йҮ‘=ВҘ2, жҢҒд»“=2
  [13:25:08] иө„йҮ‘=ВҘ2, жҢҒд»“=2
  [13:25:13] иө„йҮ‘=ВҘ2, жҢҒд»“=2
  [13:25:18] иө„йҮ‘=ВҘ2, жҢҒд»“=2
  [13:25:23] иө„йҮ‘=ВҘ2, жҢҒд»“=2
  [13:25:29] иө„йҮ‘=ВҘ2, жҢҒд»“=2
  [13:25:35] иө„йҮ‘=ВҘ2, жҢҒд»“=2
  [13:25:40] иө„йҮ‘=ВҘ2, жҢҒд»“=2
  [13:25:45] иө„йҮ‘=ВҘ2, жҢҒд»“=2
  [13:25:50] иө„йҮ‘=ВҘ2, жҢҒд»“=2
  [13:25:55] иө„йҮ‘=ВҘ2, жҢҒд»“=2
  [13:26:01] иө„йҮ‘=ВҘ2, жҢҒд»“=2
  [13:26:06] иө„йҮ‘=ВҘ2, жҢҒд»“=2
  [13:26:11] иө„йҮ‘=ВҘ2, жҢҒд»“=2
  [13:26:16] иө„йҮ‘=ВҘ2, жҢҒд»“=2
  [13:26:22] иө„йҮ‘=ВҘ2, жҢҒд»“=2
  [13:26:27] иө„йҮ‘=ВҘ2, жҢҒд»“=2
  [13:26:32] иө„йҮ‘=ВҘ2, жҢҒд»“=2
  [13:26:37] иө„йҮ‘=ВҘ2, жҢҒд»“=2
  [13:26:43] иө„йҮ‘=ВҘ2, жҢҒд»“=2
  [13:26:48] иө„йҮ‘=ВҘ2, жҢҒд»“=2
  [13:26:54] иө„йҮ‘=ВҘ2, жҢҒд»“=2
  [13:26:59] иө„йҮ‘=ВҘ2, жҢҒд»“=2
  [13:27:04] иө„йҮ‘=ВҘ2, жҢҒд»“=2
  [13:27:10] иө„йҮ‘=ВҘ2, жҢҒд»“=2
  [13:27:15] иө„йҮ‘=ВҘ2, жҢҒд»“=2
  [13:27:20] иө„йҮ‘=ВҘ2, жҢҒд»“=2
  [13:27:25] иө„йҮ‘=ВҘ2, жҢҒд»“=2
  [13:27:31] иө„йҮ‘=ВҘ2, жҢҒд»“=2
  [13:27:36] иө„йҮ‘=ВҘ2, жҢҒд»“=2
  [13:27:41] иө„йҮ‘=ВҘ2, жҢҒд»“=2
  [13:27:46] иө„йҮ‘=ВҘ2, жҢҒд»“=2
  [13:27:51] иө„йҮ‘=ВҘ2, жҢҒд»“=2
  [13:27:57] иө„йҮ‘=ВҘ2, жҢҒд»“=2
  [13:28:02] иө„йҮ‘=ВҘ2, жҢҒд»“=2
  [13:28:07] иө„йҮ‘=ВҘ2, жҢҒд»“=2
  [13:28:13] иө„йҮ‘=ВҘ2, жҢҒд»“=2
  [13:28:18] иө„йҮ‘=ВҘ2, жҢҒд»“=2
  [13:28:25] иө„йҮ‘=ВҘ2, жҢҒд»“=2
  [13:28:30] иө„йҮ‘=ВҘ2, жҢҒд»“=2
  [13:28:35] иө„йҮ‘=ВҘ2, жҢҒд»“=2
  [13:28:41] иө„йҮ‘=ВҘ2, жҢҒд»“=2
  [13:28:46] иө„йҮ‘=ВҘ2, жҢҒд»“=2
  [13:28:51] иө„йҮ‘=ВҘ2, жҢҒд»“=2
  [13:28:56] иө„йҮ‘=ВҘ2, жҢҒд»“=2
  [13:29:02] иө„йҮ‘=ВҘ2, жҢҒд»“=2
  [13:29:07] иө„йҮ‘=ВҘ2, жҢҒд»“=2
  [13:29:12] иө„йҮ‘=ВҘ2, жҢҒд»“=2
  [13:29:17] иө„йҮ‘=ВҘ2, жҢҒд»“=2
  [13:29:23] иө„йҮ‘=ВҘ2, жҢҒд»“=2
  [13:29:28] иө„йҮ‘=ВҘ2, жҢҒд»“=2
  [13:29:34] иө„йҮ‘=ВҘ2, жҢҒд»“=2
  [13:29:39] иө„йҮ‘=ВҘ2, жҢҒд»“=2
  [13:29:44] иө„йҮ‘=ВҘ2, жҢҒд»“=2
  [13:29:50] иө„йҮ‘=ВҘ2, жҢҒд»“=2
  [13:29:55] иө„йҮ‘=ВҘ2, жҢҒд»“=2
  [13:30:00] иө„йҮ‘=ВҘ2, жҢҒд»“=2
  [13:30:06] иө„йҮ‘=ВҘ2, жҢҒд»“=2
  [13:30:11] иө„йҮ‘=ВҘ2, жҢҒд»“=2
  [13:30:16] иө„йҮ‘=ВҘ2, жҢҒд»“=2
  [13:30:22] иө„йҮ‘=ВҘ2, жҢҒд»“=2
  [13:30:27] иө„йҮ‘=ВҘ2, жҢҒд»“=2
  [13:30:32] иө„йҮ‘=ВҘ2, жҢҒд»“=2
  [13:30:38] иө„йҮ‘=ВҘ2, жҢҒд»“=2
  [13:30:43] иө„йҮ‘=ВҘ2, жҢҒд»“=2
  [13:30:48] иө„йҮ‘=ВҘ2, жҢҒд»“=2
  [13:30:54] иө„йҮ‘=ВҘ2, жҢҒд»“=2
  [13:30:59] иө„йҮ‘=ВҘ2, жҢҒд»“=2
  [13:31:04] иө„йҮ‘=ВҘ2, жҢҒд»“=2
  [13:31:09] иө„йҮ‘=ВҘ2, жҢҒд»“=2
  [13:31:15] иө„йҮ‘=ВҘ2, жҢҒд»“=2
  [13:31:20] иө„йҮ‘=ВҘ2, жҢҒд»“=2
  [13:31:25] иө„йҮ‘=ВҘ2, жҢҒд»“=2
  [13:31:30] иө„йҮ‘=ВҘ2, жҢҒд»“=2
  [13:31:36] иө„йҮ‘=ВҘ2, жҢҒд»“=2
  [13:31:41] иө„йҮ‘=ВҘ2, жҢҒд»“=2
  [13:31:46] иө„йҮ‘=ВҘ2, жҢҒд»“=2
  [13:31:51] иө„йҮ‘=ВҘ2, жҢҒд»“=2
  [13:31:57] иө„йҮ‘=ВҘ2, жҢҒд»“=2
  [13:32:02] иө„йҮ‘=ВҘ2, жҢҒд»“=2
  [13:32:07] иө„йҮ‘=ВҘ2, жҢҒд»“=2
  [13:32:13] иө„йҮ‘=ВҘ2, жҢҒд»“=2
  [13:32:18] иө„йҮ‘=ВҘ2, жҢҒд»“=2
  [13:32:23] иө„йҮ‘=ВҘ2, жҢҒд»“=2
  [13:32:29] иө„йҮ‘=ВҘ2, жҢҒд»“=2
  [13:32:34] иө„йҮ‘=ВҘ2, жҢҒд»“=2
  [13:32:39] иө„йҮ‘=ВҘ2, жҢҒд»“=2
  [13:32:44] иө„йҮ‘=ВҘ2, жҢҒд»“=2
  [13:32:50] иө„йҮ‘=ВҘ2, жҢҒд»“=2
  [13:32:55] иө„йҮ‘=ВҘ2, жҢҒд»“=2
  [13:33:00] иө„йҮ‘=ВҘ2, жҢҒд»“=2
  [13:33:05] иө„йҮ‘=ВҘ2, жҢҒд»“=2
  [13:33:10] иө„йҮ‘=ВҘ2, жҢҒд»“=2
  [13:33:16] иө„йҮ‘=ВҘ2, жҢҒд»“=2
  [13:33:21] иө„йҮ‘=ВҘ2, жҢҒд»“=2
  [13:33:26] иө„йҮ‘=ВҘ2, жҢҒд»“=2
  [13:33:33] иө„йҮ‘=ВҘ2, жҢҒд»“=2
  [13:33:38] иө„йҮ‘=ВҘ2, жҢҒд»“=2
  [13:33:43] иө„йҮ‘=ВҘ2, жҢҒд»“=2
  [13:33:49] иө„йҮ‘=ВҘ2, жҢҒд»“=2
  [13:33:54] иө„йҮ‘=ВҘ2, жҢҒд»“=2
  [13:33:59] иө„йҮ‘=ВҘ2, жҢҒд»“=2
  [13:34:04] иө„йҮ‘=ВҘ2, жҢҒд»“=2
  [13:34:09] иө„йҮ‘=ВҘ2, жҢҒд»“=2
  [13:34:15] иө„йҮ‘=ВҘ2, жҢҒд»“=2
  [13:34:20] иө„йҮ‘=ВҘ2, жҢҒд»“=2
  [13:34:25] иө„йҮ‘=ВҘ2, жҢҒд»“=2
  [13:34:30] иө„йҮ‘=ВҘ2, жҢҒд»“=2
  [13:34:36] иө„йҮ‘=ВҘ2, жҢҒд»“=2
  [13:34:41] иө„йҮ‘=ВҘ2, жҢҒд»“=2
  [13:34:46] иө„йҮ‘=ВҘ2, жҢҒд»“=2
  [13:34:52] иө„йҮ‘=ВҘ2, жҢҒд»“=2
  [13:34:57] иө„йҮ‘=ВҘ2, жҢҒд»“=2
  [13:35:02] иө„йҮ‘=ВҘ2, жҢҒд»“=2
  [13:35:08] иө„йҮ‘=ВҘ2, жҢҒд»“=2
  [13:35:13] иө„йҮ‘=ВҘ2, жҢҒд»“=2
  [13:35:18] иө„йҮ‘=ВҘ2, жҢҒд»“=2
  [13:35:23] иө„йҮ‘=ВҘ2, жҢҒд»“=2
  [13:35:28] иө„йҮ‘=ВҘ2, жҢҒд»“=2
  [13:35:34] иө„йҮ‘=ВҘ2, жҢҒд»“=2
  [13:35:39] иө„йҮ‘=ВҘ2, жҢҒд»“=2
  [13:35:44] иө„йҮ‘=ВҘ2, жҢҒд»“=2
  [13:35:49] иө„йҮ‘=ВҘ2, жҢҒд»“=2
  [13:35:55] иө„йҮ‘=ВҘ2, жҢҒд»“=2
  [13:36:00] иө„йҮ‘=ВҘ2, жҢҒд»“=2
  [13:36:05] иө„йҮ‘=ВҘ2, жҢҒд»“=2
  [13:36:11] иө„йҮ‘=ВҘ2, жҢҒд»“=2
  [13:36:16] иө„йҮ‘=ВҘ2, жҢҒд»“=2
  [13:36:21] иө„йҮ‘=ВҘ2, жҢҒд»“=2
  [13:36:26] иө„йҮ‘=ВҘ2, жҢҒд»“=2
  [13:36:32] иө„йҮ‘=ВҘ2, жҢҒд»“=2
  [13:36:37] иө„йҮ‘=ВҘ2, жҢҒд»“=2
  [13:36:42] иө„йҮ‘=ВҘ2, жҢҒд»“=2
  [13:36:48] иө„йҮ‘=ВҘ2, жҢҒд»“=2
  [13:36:53] иө„йҮ‘=ВҘ2, жҢҒд»“=2
  [13:36:58] иө„йҮ‘=ВҘ2, жҢҒд»“=2
  [13:37:03] иө„йҮ‘=ВҘ2, жҢҒд»“=2
  [13:37:09] иө„йҮ‘=ВҘ2, жҢҒд»“=2
  [13:37:14] иө„йҮ‘=ВҘ2, жҢҒд»“=2
  [13:37:19] иө„йҮ‘=ВҘ2, жҢҒд»“=2
  [13:37:24] иө„йҮ‘=ВҘ2, жҢҒд»“=2
  [13:37:30] иө„йҮ‘=ВҘ2, жҢҒд»“=2
  [13:37:35] иө„йҮ‘=ВҘ2, жҢҒд»“=2
  [13:37:40] иө„йҮ‘=ВҘ2, жҢҒд»“=2
  [13:37:46] иө„йҮ‘=ВҘ2, жҢҒд»“=2
  [13:37:51] иө„йҮ‘=ВҘ2, жҢҒд»“=2
  [13:37:56] иө„йҮ‘=ВҘ2, жҢҒд»“=2
  [13:38:01] иө„йҮ‘=ВҘ2, жҢҒд»“=2
  [13:38:07] иө„йҮ‘=ВҘ2, жҢҒд»“=2
  [13:38:12] иө„йҮ‘=ВҘ2, жҢҒд»“=2
  [13:38:17] иө„йҮ‘=ВҘ2, жҢҒд»“=2
  [13:38:22] иө„йҮ‘=ВҘ2, жҢҒд»“=2
  [13:38:28] иө„йҮ‘=ВҘ2, жҢҒд»“=2
  [13:38:33] иө„йҮ‘=ВҘ2, жҢҒд»“=2
  [13:38:38] иө„йҮ‘=ВҘ2, жҢҒд»“=2
  [13:38:43] иө„йҮ‘=ВҘ2, жҢҒд»“=2
  [13:38:49] иө„йҮ‘=ВҘ2, жҢҒд»“=2
  [13:38:54] иө„йҮ‘=ВҘ2, жҢҒд»“=2
  [13:38:59] иө„йҮ‘=ВҘ2, жҢҒд»“=2
  [13:39:04] иө„йҮ‘=ВҘ2, жҢҒд»“=2
  [13:39:10] иө„йҮ‘=ВҘ2, жҢҒд»“=2
  [13:39:15] иө„йҮ‘=ВҘ2, жҢҒд»“=2
  [13:39:20] иө„йҮ‘=ВҘ2, жҢҒд»“=2
  [13:39:25] иө„йҮ‘=ВҘ2, жҢҒд»“=2
  [13:39:31] иө„йҮ‘=ВҘ2, жҢҒд»“=2
  [13:39:36] иө„йҮ‘=ВҘ2, жҢҒд»“=2
  [13:39:41] иө„йҮ‘=ВҘ2, жҢҒд»“=2
  [13:39:46] иө„йҮ‘=ВҘ2, жҢҒд»“=2
  [13:39:52] иө„йҮ‘=ВҘ2, жҢҒд»“=2
  [13:39:57] иө„йҮ‘=ВҘ2, жҢҒд»“=2
  [13:40:02] иө„йҮ‘=ВҘ2, жҢҒд»“=2
  [13:40:08] иө„йҮ‘=ВҘ2, жҢҒд»“=2
  [13:40:13] иө„йҮ‘=ВҘ2, жҢҒд»“=2
  [13:40:18] иө„йҮ‘=ВҘ2, жҢҒд»“=2
  [13:40:23] иө„йҮ‘=ВҘ2, жҢҒд»“=2
  [13:40:29] иө„йҮ‘=ВҘ2, жҢҒд»“=2
  [13:40:34] иө„йҮ‘=ВҘ2, жҢҒд»“=2
  [13:40:39] иө„йҮ‘=ВҘ2, жҢҒд»“=2
  [13:40:44] иө„йҮ‘=ВҘ2, жҢҒд»“=2
  [13:40:50] иө„йҮ‘=ВҘ2, жҢҒд»“=2
  [13:40:55] иө„йҮ‘=ВҘ2, жҢҒд»“=2
  [13:41:00] иө„йҮ‘=ВҘ2, жҢҒд»“=2
  [13:41:05] иө„йҮ‘=ВҘ2, жҢҒд»“=2
  [13:41:11] иө„йҮ‘=ВҘ2, жҢҒд»“=2
  [13:41:16] иө„йҮ‘=ВҘ2, жҢҒд»“=2
  [13:41:21] иө„йҮ‘=ВҘ2, жҢҒд»“=2
  [13:41:27] иө„йҮ‘=ВҘ2, жҢҒд»“=2
  [13:41:32] иө„йҮ‘=ВҘ2, жҢҒд»“=2
  [13:41:37] иө„йҮ‘=ВҘ2, жҢҒд»“=2
  [13:41:43] иө„йҮ‘=ВҘ2, жҢҒд»“=2
  [13:41:48] иө„йҮ‘=ВҘ2, жҢҒд»“=2
  [13:41:53] иө„йҮ‘=ВҘ2, жҢҒд»“=2
  [13:41:58] иө„йҮ‘=ВҘ2, жҢҒд»“=2
  [13:42:04] иө„йҮ‘=ВҘ2, жҢҒд»“=2
  [13:42:09] иө„йҮ‘=ВҘ2, жҢҒд»“=2
  [13:42:14] иө„йҮ‘=ВҘ2, жҢҒд»“=2
  [13:42:19] иө„йҮ‘=ВҘ2, жҢҒд»“=2
  [13:42:25] иө„йҮ‘=ВҘ2, жҢҒд»“=2
  [13:42:30] иө„йҮ‘=ВҘ2, жҢҒд»“=2
  [13:42:35] иө„йҮ‘=ВҘ2, жҢҒд»“=2
  [13:42:40] иө„йҮ‘=ВҘ2, жҢҒд»“=2
  [13:42:46] иө„йҮ‘=ВҘ2, жҢҒд»“=2
  [13:42:51] иө„йҮ‘=ВҘ2, жҢҒд»“=2
  [13:42:56] иө„йҮ‘=ВҘ2, жҢҒд»“=2
  [13:43:02] иө„йҮ‘=ВҘ2, жҢҒд»“=2
  [13:43:07] иө„йҮ‘=ВҘ2, жҢҒд»“=2
  [13:43:12] иө„йҮ‘=ВҘ2, жҢҒд»“=2
  [13:43:18] иө„йҮ‘=ВҘ2, жҢҒд»“=2
  [13:43:23] иө„йҮ‘=ВҘ2, жҢҒд»“=2
  [13:43:28] иө„йҮ‘=ВҘ2, жҢҒд»“=2
  [13:43:34] иө„йҮ‘=ВҘ2, жҢҒд»“=2
  [13:43:39] иө„йҮ‘=ВҘ2, жҢҒд»“=2
  [13:43:45] иө„йҮ‘=ВҘ2, жҢҒд»“=2
  [13:43:50] иө„йҮ‘=ВҘ2, жҢҒд»“=2
  [13:43:56] иө„йҮ‘=ВҘ2, жҢҒд»“=2
  [13:44:01] иө„йҮ‘=ВҘ2, жҢҒд»“=2
  [13:44:07] иө„йҮ‘=ВҘ2, жҢҒд»“=2
  [13:44:12] иө„йҮ‘=ВҘ2, жҢҒд»“=2
  [13:44:17] иө„йҮ‘=ВҘ2, жҢҒд»“=2
  [13:44:23] иө„йҮ‘=ВҘ2, жҢҒд»“=2
  [13:44:28] иө„йҮ‘=ВҘ2, жҢҒд»“=2
  [13:44:33] иө„йҮ‘=ВҘ2, жҢҒд»“=2
  [13:44:39] иө„йҮ‘=ВҘ2, жҢҒд»“=2
  [13:44:44] иө„йҮ‘=ВҘ2, жҢҒд»“=2
  [13:44:50] иө„йҮ‘=ВҘ2, жҢҒд»“=2
  [13:44:55] иө„йҮ‘=ВҘ2, жҢҒд»“=2
  [13:45:01] иө„йҮ‘=ВҘ2, жҢҒд»“=2
  [13:45:06] иө„йҮ‘=ВҘ2, жҢҒд»“=2
  [13:45:11] иө„йҮ‘=ВҘ2, жҢҒд»“=2
  [13:45:16] иө„йҮ‘=ВҘ2, жҢҒд»“=2
  [13:45:22] иө„йҮ‘=ВҘ2, жҢҒд»“=2
  [13:45:27] иө„йҮ‘=ВҘ2, жҢҒд»“=2
  [13:45:32] иө„йҮ‘=ВҘ2, жҢҒд»“=2
  [13:45:38] иө„йҮ‘=ВҘ2, жҢҒд»“=2
  [13:45:43] иө„йҮ‘=ВҘ2, жҢҒд»“=2
  [13:45:48] иө„йҮ‘=ВҘ2, жҢҒд»“=2
  [13:45:54] иө„йҮ‘=ВҘ2, жҢҒд»“=2
  [13:45:59] иө„йҮ‘=ВҘ2, жҢҒд»“=2
  [13:46:04] иө„йҮ‘=ВҘ2, жҢҒд»“=2
  [13:46:09] иө„йҮ‘=ВҘ2, жҢҒд»“=2
  [13:46:14] иө„йҮ‘=ВҘ2, жҢҒд»“=2
  [13:46:20] иө„йҮ‘=ВҘ2, жҢҒд»“=2
  [13:46:25] иө„йҮ‘=ВҘ2, жҢҒд»“=2
  [13:46:30] иө„йҮ‘=ВҘ2, жҢҒд»“=2
  [13:46:36] иө„йҮ‘=ВҘ2, жҢҒд»“=2
  [13:46:41] иө„йҮ‘=ВҘ2, жҢҒд»“=2
  [13:46:47] иө„йҮ‘=ВҘ2, жҢҒд»“=2
  [13:46:52] иө„йҮ‘=ВҘ2, жҢҒд»“=2
  [13:46:58] иө„йҮ‘=ВҘ2, жҢҒд»“=2
  [13:47:03] иө„йҮ‘=ВҘ2, жҢҒд»“=2
  [13:47:08] иө„йҮ‘=ВҘ2, жҢҒд»“=2
  [13:47:14] иө„йҮ‘=ВҘ2, жҢҒд»“=2
  [13:47:19] иө„йҮ‘=ВҘ2, жҢҒд»“=2
  [13:47:24] иө„йҮ‘=ВҘ2, жҢҒд»“=2
  [13:47:30] иө„йҮ‘=ВҘ2, жҢҒд»“=2
  [13:47:35] иө„йҮ‘=ВҘ2, жҢҒд»“=2
  [13:47:40] иө„йҮ‘=ВҘ2, жҢҒд»“=2
  [13:47:45] иө„йҮ‘=ВҘ2, жҢҒд»“=2
  [13:47:51] иө„йҮ‘=ВҘ2, жҢҒд»“=2
  [13:47:56] иө„йҮ‘=ВҘ2, жҢҒд»“=2
  [13:48:01] иө„йҮ‘=ВҘ2, жҢҒд»“=2
  [13:48:06] иө„йҮ‘=ВҘ2, жҢҒд»“=2
  [13:48:12] иө„йҮ‘=ВҘ2, жҢҒд»“=2
  [13:48:17] иө„йҮ‘=ВҘ2, жҢҒд»“=2
  [13:48:22] иө„йҮ‘=ВҘ2, жҢҒд»“=2
  [13:48:27] иө„йҮ‘=ВҘ2, жҢҒд»“=2
  [13:48:33] иө„йҮ‘=ВҘ2, жҢҒд»“=2
  [13:48:38] иө„йҮ‘=ВҘ2, жҢҒд»“=2
  [13:48:43] иө„йҮ‘=ВҘ2, жҢҒд»“=2
  [13:48:48] иө„йҮ‘=ВҘ2, жҢҒд»“=2
  [13:48:54] иө„йҮ‘=ВҘ2, жҢҒд»“=2
  [13:48:59] иө„йҮ‘=ВҘ2, жҢҒд»“=2
  [13:49:04] иө„йҮ‘=ВҘ2, жҢҒд»“=2
  [13:49:10] иө„йҮ‘=ВҘ2, жҢҒд»“=2
  [13:49:15] иө„йҮ‘=ВҘ2, жҢҒд»“=2
  [13:49:20] иө„йҮ‘=ВҘ2, жҢҒд»“=2
  [13:49:26] иө„йҮ‘=ВҘ2, жҢҒд»“=2
  [13:49:32] иө„йҮ‘=ВҘ2, жҢҒд»“=2
  [13:49:37] иө„йҮ‘=ВҘ2, жҢҒд»“=2
  [13:49:42] иө„йҮ‘=ВҘ2, жҢҒд»“=2
  [13:49:48] иө„йҮ‘=ВҘ2, жҢҒд»“=2
  [13:49:53] иө„йҮ‘=ВҘ2, жҢҒд»“=2
  [13:49:59] иө„йҮ‘=ВҘ2, жҢҒд»“=2
  [13:50:04] иө„йҮ‘=ВҘ2, жҢҒд»“=2
  [13:50:09] иө„йҮ‘=ВҘ2, жҢҒд»“=2
  [13:50:15] иө„йҮ‘=ВҘ2, жҢҒд»“=2
  [13:50:20] иө„йҮ‘=ВҘ2, жҢҒд»“=2
  [13:50:25] иө„йҮ‘=ВҘ2, жҢҒд»“=2
  [13:50:31] иө„йҮ‘=ВҘ2, жҢҒд»“=2
  [13:50:36] иө„йҮ‘=ВҘ2, жҢҒд»“=2
  [13:50:41] иө„йҮ‘=ВҘ2, жҢҒд»“=2
  [13:50:47] иө„йҮ‘=ВҘ2, жҢҒд»“=2
  [13:50:52] иө„йҮ‘=ВҘ2, жҢҒд»“=2
  [13:50:57] иө„йҮ‘=ВҘ2, жҢҒд»“=2
  [13:51:03] иө„йҮ‘=ВҘ2, жҢҒд»“=2
  [13:51:08] иө„йҮ‘=ВҘ2, жҢҒд»“=2
  [13:51:13] иө„йҮ‘=ВҘ2, жҢҒд»“=2
  [13:51:18] иө„йҮ‘=ВҘ2, жҢҒд»“=2
  [13:51:24] иө„йҮ‘=ВҘ2, жҢҒд»“=2
  [13:51:29] иө„йҮ‘=ВҘ2, жҢҒд»“=2
  [13:51:34] иө„йҮ‘=ВҘ2, жҢҒд»“=2
  [13:51:39] иө„йҮ‘=ВҘ2, жҢҒд»“=2
  [13:51:44] иө„йҮ‘=ВҘ2, жҢҒд»“=2
  [13:51:50] иө„йҮ‘=ВҘ2, жҢҒд»“=2
  [13:51:55] иө„йҮ‘=ВҘ2, жҢҒд»“=2
  [13:52:00] иө„йҮ‘=ВҘ2, жҢҒд»“=2
  [13:52:05] иө„йҮ‘=ВҘ2, жҢҒд»“=2
  [13:52:11] иө„йҮ‘=ВҘ2, жҢҒд»“=2
  [13:52:16] иө„йҮ‘=ВҘ2, жҢҒд»“=2
  [13:52:21] иө„йҮ‘=ВҘ2, жҢҒд»“=2
  [13:52:26] иө„йҮ‘=ВҘ2, жҢҒд»“=2
  [13:52:32] иө„йҮ‘=ВҘ2, жҢҒд»“=2
  [13:52:37] иө„йҮ‘=ВҘ2, жҢҒд»“=2
  [13:52:42] иө„йҮ‘=ВҘ2, жҢҒд»“=2
  [13:52:47] иө„йҮ‘=ВҘ2, жҢҒд»“=2
  [13:52:52] иө„йҮ‘=ВҘ2, жҢҒд»“=2
  [13:52:58] иө„йҮ‘=ВҘ2, жҢҒд»“=2
  [13:53:03] иө„йҮ‘=ВҘ2, жҢҒд»“=2
  [13:53:08] иө„йҮ‘=ВҘ2, жҢҒд»“=2
  [13:53:13] иө„йҮ‘=ВҘ2, жҢҒд»“=2
  [13:53:19] иө„йҮ‘=ВҘ2, жҢҒд»“=2
  [13:53:24] иө„йҮ‘=ВҘ2, жҢҒд»“=2
  [13:53:29] иө„йҮ‘=ВҘ2, жҢҒд»“=2
  [13:53:34] иө„йҮ‘=ВҘ2, жҢҒд»“=2
  [13:53:40] иө„йҮ‘=ВҘ2, жҢҒд»“=2
  [13:53:45] иө„йҮ‘=ВҘ2, жҢҒд»“=2
  [13:53:50] иө„йҮ‘=ВҘ2, жҢҒд»“=2
  [13:53:55] иө„йҮ‘=ВҘ2, жҢҒд»“=2
  [13:54:01] иө„йҮ‘=ВҘ2, жҢҒд»“=2
  [13:54:06] иө„йҮ‘=ВҘ2, жҢҒд»“=2
  [13:54:11] иө„йҮ‘=ВҘ2, жҢҒд»“=2
  [13:54:17] иө„йҮ‘=ВҘ2, жҢҒд»“=2
  [13:54:22] иө„йҮ‘=ВҘ2, жҢҒд»“=2
  [13:54:27] иө„йҮ‘=ВҘ2, жҢҒд»“=2
  [13:54:33] иө„йҮ‘=ВҘ2, жҢҒд»“=2
  [13:54:38] иө„йҮ‘=ВҘ2, жҢҒд»“=2
  [13:54:44] иө„йҮ‘=ВҘ2, жҢҒд»“=2
  [13:54:49] иө„йҮ‘=ВҘ2, жҢҒд»“=2
  [13:54:54] иө„йҮ‘=ВҘ2, жҢҒд»“=2
  [13:54:59] иө„йҮ‘=ВҘ2, жҢҒд»“=2
  [13:55:05] иө„йҮ‘=ВҘ2, жҢҒд»“=2
  [13:55:10] иө„йҮ‘=ВҘ2, жҢҒд»“=2
  [13:55:15] иө„йҮ‘=ВҘ2, жҢҒд»“=2
  [13:55:20] иө„йҮ‘=ВҘ2, жҢҒд»“=2
  [13:55:26] иө„йҮ‘=ВҘ2, жҢҒд»“=2
  [13:55:31] иө„йҮ‘=ВҘ2, жҢҒд»“=2
  [13:55:36] иө„йҮ‘=ВҘ2, жҢҒд»“=2
  [13:55:41] иө„йҮ‘=ВҘ2, жҢҒд»“=2
  [13:55:47] иө„йҮ‘=ВҘ2, жҢҒд»“=2
  [13:55:52] иө„йҮ‘=ВҘ2, жҢҒд»“=2
  [13:55:57] иө„йҮ‘=ВҘ2, жҢҒд»“=2
  [13:56:03] иө„йҮ‘=ВҘ2, жҢҒд»“=2
  [13:56:08] иө„йҮ‘=ВҘ2, жҢҒд»“=2
  [13:56:13] иө„йҮ‘=ВҘ2, жҢҒд»“=2
  [13:56:18] иө„йҮ‘=ВҘ2, жҢҒд»“=2
  [13:56:24] иө„йҮ‘=ВҘ2, жҢҒд»“=2
  [13:56:29] иө„йҮ‘=ВҘ2, жҢҒд»“=2
  [13:56:34] иө„йҮ‘=ВҘ2, жҢҒд»“=2
  [13:56:40] иө„йҮ‘=ВҘ2, жҢҒд»“=2
  [13:56:45] иө„йҮ‘=ВҘ2, жҢҒд»“=2
  [13:56:50] иө„йҮ‘=ВҘ2, жҢҒд»“=2
  [13:56:55] иө„йҮ‘=ВҘ2, жҢҒд»“=2
  [13:57:01] иө„йҮ‘=ВҘ2, жҢҒд»“=2
  [13:57:06] иө„йҮ‘=ВҘ2, жҢҒд»“=2
  [13:57:11] иө„йҮ‘=ВҘ2, жҢҒд»“=2
  [13:57:16] иө„йҮ‘=ВҘ2, жҢҒд»“=2
  [13:57:22] иө„йҮ‘=ВҘ2, жҢҒд»“=2
  [13:57:27] иө„йҮ‘=ВҘ2, жҢҒд»“=2
  [13:57:33] иө„йҮ‘=ВҘ2, жҢҒд»“=2
  [13:57:38] иө„йҮ‘=ВҘ2, жҢҒд»“=2
  [13:57:43] иө„йҮ‘=ВҘ2, жҢҒд»“=2
  [13:57:48] иө„йҮ‘=ВҘ2, жҢҒд»“=2
  [13:57:54] иө„йҮ‘=ВҘ2, жҢҒд»“=2
  [13:57:59] иө„йҮ‘=ВҘ2, жҢҒд»“=2
  [13:58:04] иө„йҮ‘=ВҘ2, жҢҒд»“=2
  [13:58:09] иө„йҮ‘=ВҘ2, жҢҒд»“=2
  [13:58:15] иө„йҮ‘=ВҘ2, жҢҒд»“=2
  [13:58:20] иө„йҮ‘=ВҘ2, жҢҒд»“=2
  [13:58:25] иө„йҮ‘=ВҘ2, жҢҒд»“=2
  [13:58:30] иө„йҮ‘=ВҘ2, жҢҒд»“=2
  [13:58:36] иө„йҮ‘=ВҘ2, жҢҒд»“=2
  [13:58:41] иө„йҮ‘=ВҘ2, жҢҒд»“=2
  [13:58:47] иө„йҮ‘=ВҘ2, жҢҒд»“=2
  [13:58:52] иө„йҮ‘=ВҘ2, жҢҒд»“=2
  [13:58:58] иө„йҮ‘=ВҘ2, жҢҒд»“=2
  [13:59:03] иө„йҮ‘=ВҘ2, жҢҒд»“=2
  [13:59:08] иө„йҮ‘=ВҘ2, жҢҒд»“=2
  [13:59:14] иө„йҮ‘=ВҘ2, жҢҒд»“=2
  [13:59:19] иө„йҮ‘=ВҘ2, жҢҒд»“=2
  [13:59:24] иө„йҮ‘=ВҘ2, жҢҒд»“=2
  [13:59:30] иө„йҮ‘=ВҘ2, жҢҒд»“=2
  [13:59:35] иө„йҮ‘=ВҘ2, жҢҒд»“=2
  [13:59:41] иө„йҮ‘=ВҘ2, жҢҒд»“=2
  [13:59:46] иө„йҮ‘=ВҘ2, жҢҒд»“=2
  [13:59:51] иө„йҮ‘=ВҘ2, жҢҒд»“=2
  [13:59:57] иө„йҮ‘=ВҘ2, жҢҒд»“=2
  [14:00:02] иө„йҮ‘=ВҘ2, жҢҒд»“=2
  [14:00:08] иө„йҮ‘=ВҘ2, жҢҒд»“=2
  [14:00:13] иө„йҮ‘=ВҘ2, жҢҒд»“=2
  [14:00:18] иө„йҮ‘=ВҘ2, жҢҒд»“=2
  [14:00:24] иө„йҮ‘=ВҘ2, жҢҒд»“=2
  [14:00:29] иө„йҮ‘=ВҘ2, жҢҒд»“=2
  [14:00:34] иө„йҮ‘=ВҘ2, жҢҒд»“=2
  [14:00:39] иө„йҮ‘=ВҘ2, жҢҒд»“=2
  [14:00:45] иө„йҮ‘=ВҘ2, жҢҒд»“=2
  [14:00:51] иө„йҮ‘=ВҘ2, жҢҒд»“=2
  [14:00:56] иө„йҮ‘=ВҘ2, жҢҒд»“=2
  [14:01:02] иө„йҮ‘=ВҘ2, жҢҒд»“=2
  [14:01:07] иө„йҮ‘=ВҘ2, жҢҒд»“=2
  [14:01:12] иө„йҮ‘=ВҘ2, жҢҒд»“=2
  [14:01:17] иө„йҮ‘=ВҘ2, жҢҒд»“=2
  [14:01:23] иө„йҮ‘=ВҘ2, жҢҒд»“=2
  [14:01:28] иө„йҮ‘=ВҘ2, жҢҒд»“=2
  [14:01:33] иө„йҮ‘=ВҘ2, жҢҒд»“=2
  [14:01:41] иө„йҮ‘=ВҘ2, жҢҒд»“=2
  [14:01:46] иө„йҮ‘=ВҘ2, жҢҒд»“=2
  [14:01:51] иө„йҮ‘=ВҘ2, жҢҒд»“=2
  [14:01:57] иө„йҮ‘=ВҘ2, жҢҒд»“=2
  [14:02:02] иө„йҮ‘=ВҘ2, жҢҒд»“=2
  [14:02:07] иө„йҮ‘=ВҘ2, жҢҒд»“=2
  [14:02:12] иө„йҮ‘=ВҘ2, жҢҒд»“=2
  [14:02:18] иө„йҮ‘=ВҘ2, жҢҒд»“=2
  [14:02:23] иө„йҮ‘=ВҘ2, жҢҒд»“=2
  [14:02:29] иө„йҮ‘=ВҘ2, жҢҒд»“=2
  [14:02:34] иө„йҮ‘=ВҘ2, жҢҒд»“=2
  [14:02:39] иө„йҮ‘=ВҘ2, жҢҒд»“=2
  [14:02:45] иө„йҮ‘=ВҘ2, жҢҒд»“=2
  [14:02:50] иө„йҮ‘=ВҘ2, жҢҒд»“=2
  [14:02:55] иө„йҮ‘=ВҘ2, жҢҒд»“=2
  [14:03:01] иө„йҮ‘=ВҘ2, жҢҒд»“=2
  [14:03:06] иө„йҮ‘=ВҘ2, жҢҒд»“=2
  [14:03:11] иө„йҮ‘=ВҘ2, жҢҒд»“=2
  [14:03:16] иө„йҮ‘=ВҘ2, жҢҒд»“=2
  [14:03:22] иө„йҮ‘=ВҘ2, жҢҒд»“=2
  [14:03:27] иө„йҮ‘=ВҘ2, жҢҒд»“=2
  [14:03:32] иө„йҮ‘=ВҘ2, жҢҒд»“=2
  [14:03:37] иө„йҮ‘=ВҘ2, жҢҒд»“=2
  [14:03:43] иө„йҮ‘=ВҘ2, жҢҒд»“=2
  [14:03:48] иө„йҮ‘=ВҘ2, жҢҒд»“=2
  [14:03:53] иө„йҮ‘=ВҘ2, жҢҒд»“=2
  [14:03:59] иө„йҮ‘=ВҘ2, жҢҒд»“=2
  [14:04:04] иө„йҮ‘=ВҘ2, жҢҒд»“=2
  [14:04:09] иө„йҮ‘=ВҘ2, жҢҒд»“=2
  [14:04:15] иө„йҮ‘=ВҘ2, жҢҒд»“=2
  [14:04:20] иө„йҮ‘=ВҘ2, жҢҒд»“=2
  [14:04:25] иө„йҮ‘=ВҘ2, жҢҒд»“=2
  [14:04:30] иө„йҮ‘=ВҘ2, жҢҒд»“=2
  [14:04:36] иө„йҮ‘=ВҘ2, жҢҒд»“=2
  [14:04:41] иө„йҮ‘=ВҘ2, жҢҒд»“=2
  [14:04:46] иө„йҮ‘=ВҘ2, жҢҒд»“=2
  [14:04:51] иө„йҮ‘=ВҘ2, жҢҒд»“=2
  [14:04:57] иө„йҮ‘=ВҘ2, жҢҒд»“=2
  [14:05:02] иө„йҮ‘=ВҘ2, жҢҒд»“=2
  [14:05:07] иө„йҮ‘=ВҘ2, жҢҒд»“=2
  [14:05:12] иө„йҮ‘=ВҘ2, жҢҒд»“=2
  [14:05:18] иө„йҮ‘=ВҘ2, жҢҒд»“=2
  [14:05:23] иө„йҮ‘=ВҘ2, жҢҒд»“=2
  [14:05:28] иө„йҮ‘=ВҘ2, жҢҒд»“=2
  [14:05:34] иө„йҮ‘=ВҘ2, жҢҒд»“=2
  [14:05:39] иө„йҮ‘=ВҘ2, жҢҒд»“=2
  [14:05:44] иө„йҮ‘=ВҘ2, жҢҒд»“=2
  [14:05:49] иө„йҮ‘=ВҘ2, жҢҒд»“=2
  [14:05:55] иө„йҮ‘=ВҘ2, жҢҒд»“=2
  [14:06:00] иө„йҮ‘=ВҘ2, жҢҒд»“=2
  [14:06:05] иө„йҮ‘=ВҘ2, жҢҒд»“=2
  [14:06:11] иө„йҮ‘=ВҘ2, жҢҒд»“=2
  [14:06:16] иө„йҮ‘=ВҘ2, жҢҒд»“=2
  [14:06:21] иө„йҮ‘=ВҘ2, жҢҒд»“=2
  [14:06:27] иө„йҮ‘=ВҘ2, жҢҒд»“=2
  [14:06:32] иө„йҮ‘=ВҘ2, жҢҒд»“=2
  [14:06:38] иө„йҮ‘=ВҘ2, жҢҒд»“=2
  [14:06:44] иө„йҮ‘=ВҘ2, жҢҒд»“=2
  [14:06:49] иө„йҮ‘=ВҘ2, жҢҒд»“=2
  [14:06:55] иө„йҮ‘=ВҘ2, жҢҒд»“=2
  [14:07:01] иө„йҮ‘=ВҘ2, жҢҒд»“=2
  [14:07:06] иө„йҮ‘=ВҘ2, жҢҒд»“=2
  [14:07:11] иө„йҮ‘=ВҘ2, жҢҒд»“=2
  [14:07:17] иө„йҮ‘=ВҘ2, жҢҒд»“=2
  [14:07:22] иө„йҮ‘=ВҘ2, жҢҒд»“=2
  [14:07:27] иө„йҮ‘=ВҘ2, жҢҒд»“=2
  [14:07:33] иө„йҮ‘=ВҘ2, жҢҒд»“=2
  [14:07:39] иө„йҮ‘=ВҘ2, жҢҒд»“=2
  [14:07:44] иө„йҮ‘=ВҘ2, жҢҒд»“=2
  [14:07:49] иө„йҮ‘=ВҘ2, жҢҒд»“=2
  [14:07:54] иө„йҮ‘=ВҘ2, жҢҒд»“=2
  [14:07:59] иө„йҮ‘=ВҘ2, жҢҒд»“=2
  [14:08:05] иө„йҮ‘=ВҘ2, жҢҒд»“=2
  [14:08:10] иө„йҮ‘=ВҘ2, жҢҒд»“=2
  [14:08:15] иө„йҮ‘=ВҘ2, жҢҒд»“=2
  [14:08:20] иө„йҮ‘=ВҘ2, жҢҒд»“=2
  [14:08:26] иө„йҮ‘=ВҘ2, жҢҒд»“=2
  [14:08:31] иө„йҮ‘=ВҘ2, жҢҒд»“=2
  [14:08:36] иө„йҮ‘=ВҘ2, жҢҒд»“=2
  [14:08:41] иө„йҮ‘=ВҘ2, жҢҒд»“=2
  [14:08:47] иө„йҮ‘=ВҘ2, жҢҒд»“=2
  [14:08:52] иө„йҮ‘=ВҘ2, жҢҒд»“=2
  [14:08:57] иө„йҮ‘=ВҘ2, жҢҒд»“=2
  [14:09:02] иө„йҮ‘=ВҘ2, жҢҒд»“=2
  [14:09:07] иө„йҮ‘=ВҘ2, жҢҒд»“=2
  [14:09:13] иө„йҮ‘=ВҘ2, жҢҒд»“=2
  [14:09:18] иө„йҮ‘=ВҘ2, жҢҒд»“=2
  [14:09:24] иө„йҮ‘=ВҘ2, жҢҒд»“=2
  [14:09:29] иө„йҮ‘=ВҘ2, жҢҒд»“=2
  [14:09:34] иө„йҮ‘=ВҘ2, жҢҒд»“=2
  [14:09:40] иө„йҮ‘=ВҘ2, жҢҒд»“=2
  [14:09:45] иө„йҮ‘=ВҘ2, жҢҒд»“=2
  [14:09:50] иө„йҮ‘=ВҘ2, жҢҒд»“=2
  [14:09:55] иө„йҮ‘=ВҘ2, жҢҒд»“=2
  [14:10:01] иө„йҮ‘=ВҘ2, жҢҒд»“=2
  [14:10:06] иө„йҮ‘=ВҘ2, жҢҒд»“=2
  [14:10:11] иө„йҮ‘=ВҘ2, жҢҒд»“=2
  [14:10:16] иө„йҮ‘=ВҘ2, жҢҒд»“=2
  [14:10:22] иө„йҮ‘=ВҘ2, жҢҒд»“=2
  [14:10:27] иө„йҮ‘=ВҘ2, жҢҒд»“=2
  [14:10:32] иө„йҮ‘=ВҘ2, жҢҒд»“=2
  [14:10:37] иө„йҮ‘=ВҘ2, жҢҒд»“=2
  [14:10:42] иө„йҮ‘=ВҘ2, жҢҒд»“=2
  [14:10:48] иө„йҮ‘=ВҘ2, жҢҒд»“=2
  [14:10:53] иө„йҮ‘=ВҘ2, жҢҒд»“=2
  [14:10:58] иө„йҮ‘=ВҘ2, жҢҒд»“=2
  [14:11:03] иө„йҮ‘=ВҘ2, жҢҒд»“=2
  [14:11:09] иө„йҮ‘=ВҘ2, жҢҒд»“=2
  [14:11:14] иө„йҮ‘=ВҘ2, жҢҒд»“=2
  [14:11:19] иө„йҮ‘=ВҘ2, жҢҒд»“=2
  [14:11:24] иө„йҮ‘=ВҘ2, жҢҒд»“=2
  [14:11:30] иө„йҮ‘=ВҘ2, жҢҒд»“=2
  [14:11:35] иө„йҮ‘=ВҘ2, жҢҒд»“=2
  [14:11:40] иө„йҮ‘=ВҘ2, жҢҒд»“=2
  [14:11:45] иө„йҮ‘=ВҘ2, жҢҒд»“=2
  [14:11:51] иө„йҮ‘=ВҘ2, жҢҒд»“=2
  [14:11:56] иө„йҮ‘=ВҘ2, жҢҒд»“=2
  [14:12:02] иө„йҮ‘=ВҘ2, жҢҒд»“=2
  [14:12:07] иө„йҮ‘=ВҘ2, жҢҒд»“=2
  [14:12:12] иө„йҮ‘=ВҘ2, жҢҒд»“=2
  [14:12:17] иө„йҮ‘=ВҘ2, жҢҒд»“=2
  [14:12:22] иө„йҮ‘=ВҘ2, жҢҒд»“=2
  [14:12:28] иө„йҮ‘=ВҘ2, жҢҒд»“=2
  [14:12:33] иө„йҮ‘=ВҘ2, жҢҒд»“=2
  [14:12:38] иө„йҮ‘=ВҘ2, жҢҒд»“=2
  [14:12:44] иө„йҮ‘=ВҘ2, жҢҒд»“=2
  [14:12:49] иө„йҮ‘=ВҘ2, жҢҒд»“=2
  [14:12:54] иө„йҮ‘=ВҘ2, жҢҒд»“=2
  [14:13:00] иө„йҮ‘=ВҘ2, жҢҒд»“=2
  [14:13:05] иө„йҮ‘=ВҘ2, жҢҒд»“=2
  [14:13:10] иө„йҮ‘=ВҘ2, жҢҒд»“=2
  [14:13:15] иө„йҮ‘=ВҘ2, жҢҒд»“=2
  [14:13:23] иө„йҮ‘=ВҘ2, жҢҒд»“=2
  [14:13:28] иө„йҮ‘=ВҘ2, жҢҒд»“=2
  [14:13:34] иө„йҮ‘=ВҘ2, жҢҒд»“=2
  [14:13:39] иө„йҮ‘=ВҘ2, жҢҒд»“=2
  [14:13:45] иө„йҮ‘=ВҘ2, жҢҒд»“=2
  [14:13:50] иө„йҮ‘=ВҘ2, жҢҒд»“=2
  [14:13:55] иө„йҮ‘=ВҘ2, жҢҒд»“=2
  [14:14:01] иө„йҮ‘=ВҘ2, жҢҒд»“=2
  [14:14:06] иө„йҮ‘=ВҘ2, жҢҒд»“=2
  [14:14:11] иө„йҮ‘=ВҘ2, жҢҒд»“=2
  [14:14:17] иө„йҮ‘=ВҘ2, жҢҒд»“=2
  [14:14:22] иө„йҮ‘=ВҘ2, жҢҒд»“=2
  [14:14:28] иө„йҮ‘=ВҘ2, жҢҒд»“=2
  [14:14:33] иө„йҮ‘=ВҘ2, жҢҒд»“=2
  [14:14:38] иө„йҮ‘=ВҘ2, жҢҒд»“=2
  [14:14:44] иө„йҮ‘=ВҘ2, жҢҒд»“=2
  [14:14:49] иө„йҮ‘=ВҘ2, жҢҒд»“=2
  [14:14:55] иө„йҮ‘=ВҘ2, жҢҒд»“=2
  [14:15:00] иө„йҮ‘=ВҘ2, жҢҒд»“=2
  [14:15:05] иө„йҮ‘=ВҘ2, жҢҒд»“=2
  [14:15:11] иө„йҮ‘=ВҘ2, жҢҒд»“=2
  [14:15:16] иө„йҮ‘=ВҘ2, жҢҒд»“=2
  [14:15:21] иө„йҮ‘=ВҘ2, жҢҒд»“=2
  [14:15:27] иө„йҮ‘=ВҘ2, жҢҒд»“=2
  [14:15:32] иө„йҮ‘=ВҘ2, жҢҒд»“=2
  [14:15:37] иө„йҮ‘=ВҘ2, жҢҒд»“=2
  [14:15:43] иө„йҮ‘=ВҘ2, жҢҒд»“=2
  [14:15:48] иө„йҮ‘=ВҘ2, жҢҒд»“=2
  [14:15:53] иө„йҮ‘=ВҘ2, жҢҒд»“=2
  [14:15:59] иө„йҮ‘=ВҘ2, жҢҒд»“=2
  [14:16:05] иө„йҮ‘=ВҘ2, жҢҒд»“=2
  [14:16:10] иө„йҮ‘=ВҘ2, жҢҒд»“=2
  [14:16:15] иө„йҮ‘=ВҘ2, жҢҒд»“=2
  [14:16:20] иө„йҮ‘=ВҘ2, жҢҒд»“=2
  [14:16:26] иө„йҮ‘=ВҘ2, жҢҒд»“=2
  [14:16:31] иө„йҮ‘=ВҘ2, жҢҒд»“=2
  [14:16:36] иө„йҮ‘=ВҘ2, жҢҒд»“=2
  [14:16:42] иө„йҮ‘=ВҘ2, жҢҒд»“=2
  [14:16:47] иө„йҮ‘=ВҘ2, жҢҒд»“=2
  [14:16:52] иө„йҮ‘=ВҘ2, жҢҒд»“=2
  [14:16:58] иө„йҮ‘=ВҘ2, жҢҒд»“=2
  [14:17:03] иө„йҮ‘=ВҘ2, жҢҒд»“=2
  [14:17:08] иө„йҮ‘=ВҘ2, жҢҒд»“=2
  [14:17:14] иө„йҮ‘=ВҘ2, жҢҒд»“=2
  [14:17:19] иө„йҮ‘=ВҘ2, жҢҒд»“=2
  [14:17:25] иө„йҮ‘=ВҘ2, жҢҒд»“=2
  [14:17:30] иө„йҮ‘=ВҘ2, жҢҒд»“=2
  [14:17:35] иө„йҮ‘=ВҘ2, жҢҒд»“=2
  [14:17:41] иө„йҮ‘=ВҘ2, жҢҒд»“=2
  [14:17:46] иө„йҮ‘=ВҘ2, жҢҒд»“=2
  [14:17:51] иө„йҮ‘=ВҘ2, жҢҒд»“=2
  [14:17:56] иө„йҮ‘=ВҘ2, жҢҒд»“=2
  [14:18:01] иө„йҮ‘=ВҘ2, жҢҒд»“=2
  [14:18:07] иө„йҮ‘=ВҘ2, жҢҒд»“=2
  [14:18:12] иө„йҮ‘=ВҘ2, жҢҒд»“=2
  [14:18:17] иө„йҮ‘=ВҘ2, жҢҒд»“=2
  [14:18:22] иө„йҮ‘=ВҘ2, жҢҒд»“=2
  [14:18:28] иө„йҮ‘=ВҘ2, жҢҒд»“=2
  [14:18:33] иө„йҮ‘=ВҘ2, жҢҒд»“=2
  [14:18:38] иө„йҮ‘=ВҘ2, жҢҒд»“=2
  [14:18:44] иө„йҮ‘=ВҘ2, жҢҒд»“=2
  [14:18:49] иө„йҮ‘=ВҘ2, жҢҒд»“=2
  [14:18:54] иө„йҮ‘=ВҘ2, жҢҒд»“=2
  [14:18:59] иө„йҮ‘=ВҘ2, жҢҒд»“=2
  [14:19:05] иө„йҮ‘=ВҘ2, жҢҒд»“=2
  [14:19:10] иө„йҮ‘=ВҘ2, жҢҒд»“=2
  [14:19:15] иө„йҮ‘=ВҘ2, жҢҒд»“=2
  [14:19:20] иө„йҮ‘=ВҘ2, жҢҒд»“=2
  [14:19:26] иө„йҮ‘=ВҘ2, жҢҒд»“=2
  [14:19:31] иө„йҮ‘=ВҘ2, жҢҒд»“=2
  [14:19:36] иө„йҮ‘=ВҘ2, жҢҒд»“=2
  [14:19:41] иө„йҮ‘=ВҘ2, жҢҒд»“=2
  [14:19:47] иө„йҮ‘=ВҘ2, жҢҒд»“=2
  [14:19:52] иө„йҮ‘=ВҘ2, жҢҒд»“=2
  [14:19:57] иө„йҮ‘=ВҘ2, жҢҒд»“=2
  [14:20:03] иө„йҮ‘=ВҘ2, жҢҒд»“=2
  [14:20:08] иө„йҮ‘=ВҘ2, жҢҒд»“=2
  [14:20:13] иө„йҮ‘=ВҘ2, жҢҒд»“=2
  [14:20:18] иө„йҮ‘=ВҘ2, жҢҒд»“=2
  [14:20:24] иө„йҮ‘=ВҘ2, жҢҒд»“=2
  [14:20:29] иө„йҮ‘=ВҘ2, жҢҒд»“=2
  [14:20:34] иө„йҮ‘=ВҘ2, жҢҒд»“=2
  [14:20:39] иө„йҮ‘=ВҘ2, жҢҒд»“=2
  [14:20:45] иө„йҮ‘=ВҘ2, жҢҒд»“=2
  [14:20:50] иө„йҮ‘=ВҘ2, жҢҒд»“=2
  [14:20:55] иө„йҮ‘=ВҘ2, жҢҒд»“=2
  [14:21:00] иө„йҮ‘=ВҘ2, жҢҒд»“=2
  [14:21:06] иө„йҮ‘=ВҘ2, жҢҒд»“=2
  [14:21:11] иө„йҮ‘=ВҘ2, жҢҒд»“=2
  [14:21:16] иө„йҮ‘=ВҘ2, жҢҒд»“=2
  [14:21:22] иө„йҮ‘=ВҘ2, жҢҒд»“=2
  [14:21:27] иө„йҮ‘=ВҘ2, жҢҒд»“=2
  [14:21:32] иө„йҮ‘=ВҘ2, жҢҒд»“=2
  [14:21:38] иө„йҮ‘=ВҘ2, жҢҒд»“=2
  [14:21:43] иө„йҮ‘=ВҘ2, жҢҒд»“=2
  [14:21:48] иө„йҮ‘=ВҘ2, жҢҒд»“=2
  [14:21:53] иө„йҮ‘=ВҘ2, жҢҒд»“=2
  [14:21:59] иө„йҮ‘=ВҘ2, жҢҒд»“=2
  [14:22:04] иө„йҮ‘=ВҘ2, жҢҒд»“=2
  [14:22:09] иө„йҮ‘=ВҘ2, жҢҒд»“=2
  [14:22:14] иө„йҮ‘=ВҘ2, жҢҒд»“=2
  [14:22:19] иө„йҮ‘=ВҘ2, жҢҒд»“=2
  [14:22:25] иө„йҮ‘=ВҘ2, жҢҒд»“=2
  [14:22:30] иө„йҮ‘=ВҘ2, жҢҒд»“=2
  [14:22:35] иө„йҮ‘=ВҘ2, жҢҒд»“=2
  [14:22:44] иө„йҮ‘=ВҘ2, жҢҒд»“=2
  [14:22:49] иө„йҮ‘=ВҘ2, жҢҒд»“=2
  [14:22:55] иө„йҮ‘=ВҘ2, жҢҒд»“=2
  [14:23:00] иө„йҮ‘=ВҘ2, жҢҒд»“=2
  [14:23:05] иө„йҮ‘=ВҘ2, жҢҒд»“=2
  [14:23:11] иө„йҮ‘=ВҘ2, жҢҒд»“=2
  [14:23:16] иө„йҮ‘=ВҘ2, жҢҒд»“=2
  [14:23:21] иө„йҮ‘=ВҘ2, жҢҒд»“=2
  [14:23:27] иө„йҮ‘=ВҘ2, жҢҒд»“=2
  [14:23:32] иө„йҮ‘=ВҘ2, жҢҒд»“=2
  [14:23:37] иө„йҮ‘=ВҘ2, жҢҒд»“=2
  [14:23:42] иө„йҮ‘=ВҘ2, жҢҒд»“=2
  [14:23:48] иө„йҮ‘=ВҘ2, жҢҒд»“=2
  [14:23:53] иө„йҮ‘=ВҘ2, жҢҒд»“=2
  [14:23:58] иө„йҮ‘=ВҘ2, жҢҒд»“=2
  [14:24:04] иө„йҮ‘=ВҘ2, жҢҒд»“=2
  [14:24:09] иө„йҮ‘=ВҘ2, жҢҒд»“=2
  [14:24:15] иө„йҮ‘=ВҘ2, жҢҒд»“=2
  [14:24:20] иө„йҮ‘=ВҘ2, жҢҒд»“=2
  [14:24:25] иө„йҮ‘=ВҘ2, жҢҒд»“=2
  [14:24:30] иө„йҮ‘=ВҘ2, жҢҒд»“=2
  [14:24:36] иө„йҮ‘=ВҘ2, жҢҒд»“=2
  [14:24:41] иө„йҮ‘=ВҘ2, жҢҒд»“=2
  [14:24:46] иө„йҮ‘=ВҘ2, жҢҒд»“=2
  [14:24:52] иө„йҮ‘=ВҘ2, жҢҒд»“=2
  [14:24:57] иө„йҮ‘=ВҘ2, жҢҒд»“=2
  [14:25:02] иө„йҮ‘=ВҘ2, жҢҒд»“=2
  [14:25:07] иө„йҮ‘=ВҘ2, жҢҒд»“=2
  [14:25:13] иө„йҮ‘=ВҘ2, жҢҒд»“=2
  [14:25:18] иө„йҮ‘=ВҘ2, жҢҒд»“=2
  [14:25:24] иө„йҮ‘=ВҘ2, жҢҒд»“=2
  [14:25:29] иө„йҮ‘=ВҘ2, жҢҒд»“=2
  [14:25:35] иө„йҮ‘=ВҘ2, жҢҒд»“=2
  [14:25:40] иө„йҮ‘=ВҘ2, жҢҒд»“=2
  [14:25:45] иө„йҮ‘=ВҘ2, жҢҒд»“=2
  [14:25:50] иө„йҮ‘=ВҘ2, жҢҒд»“=2
  [14:25:56] иө„йҮ‘=ВҘ2, жҢҒд»“=2
  [14:26:01] иө„йҮ‘=ВҘ2, жҢҒд»“=2
  [14:26:06] иө„йҮ‘=ВҘ2, жҢҒд»“=2
  [14:26:11] иө„йҮ‘=ВҘ2, жҢҒд»“=2
  [14:26:17] иө„йҮ‘=ВҘ2, жҢҒд»“=2
  [14:26:22] иө„йҮ‘=ВҘ2, жҢҒд»“=2
  [14:26:27] иө„йҮ‘=ВҘ2, жҢҒд»“=2
  [14:26:32] иө„йҮ‘=ВҘ2, жҢҒд»“=2
  [14:26:38] иө„йҮ‘=ВҘ2, жҢҒд»“=2
  [14:26:43] иө„йҮ‘=ВҘ2, жҢҒд»“=2
  [14:26:48] иө„йҮ‘=ВҘ2, жҢҒд»“=2
  [14:26:54] иө„йҮ‘=ВҘ2, жҢҒд»“=2
  [14:26:59] иө„йҮ‘=ВҘ2, жҢҒд»“=2
  [14:27:04] иө„йҮ‘=ВҘ2, жҢҒд»“=2
  [14:27:09] иө„йҮ‘=ВҘ2, жҢҒд»“=2
  [14:27:15] иө„йҮ‘=ВҘ2, жҢҒд»“=2
  [14:27:20] иө„йҮ‘=ВҘ2, жҢҒд»“=2
  [14:27:25] иө„йҮ‘=ВҘ2, жҢҒд»“=2
  [14:27:30] иө„йҮ‘=ВҘ2, жҢҒд»“=2
  [14:27:36] иө„йҮ‘=ВҘ2, жҢҒд»“=2
  [14:27:41] иө„йҮ‘=ВҘ2, жҢҒд»“=2
  [14:27:46] иө„йҮ‘=ВҘ2, жҢҒд»“=2
  [14:27:51] иө„йҮ‘=ВҘ2, жҢҒд»“=2
  [14:27:57] иө„йҮ‘=ВҘ2, жҢҒд»“=2
  [14:28:02] иө„йҮ‘=ВҘ2, жҢҒд»“=2
  [14:28:08] иө„йҮ‘=ВҘ2, жҢҒд»“=2
  [14:28:13] иө„йҮ‘=ВҘ2, жҢҒд»“=2
  [14:28:18] иө„йҮ‘=ВҘ2, жҢҒд»“=2
  [14:28:23] иө„йҮ‘=ВҘ2, жҢҒд»“=2
  [14:28:29] иө„йҮ‘=ВҘ2, жҢҒд»“=2
  [14:28:34] иө„йҮ‘=ВҘ2, жҢҒд»“=2
  [14:28:39] иө„йҮ‘=ВҘ2, жҢҒд»“=2
  [14:28:44] иө„йҮ‘=ВҘ2, жҢҒд»“=2
  [14:28:50] иө„йҮ‘=ВҘ2, жҢҒд»“=2
  [14:28:55] иө„йҮ‘=ВҘ2, жҢҒд»“=2
  [14:29:00] иө„йҮ‘=ВҘ2, жҢҒд»“=2
  [14:29:05] иө„йҮ‘=ВҘ2, жҢҒд»“=2
  [14:29:11] иө„йҮ‘=ВҘ2, жҢҒд»“=2
  [14:29:16] иө„йҮ‘=ВҘ2, жҢҒд»“=2
  [14:29:22] иө„йҮ‘=ВҘ2, жҢҒд»“=2
  [14:29:27] иө„йҮ‘=ВҘ2, жҢҒд»“=2
  [14:29:33] иө„йҮ‘=ВҘ2, жҢҒд»“=2
  [14:29:38] иө„йҮ‘=ВҘ2, жҢҒд»“=2
  [14:29:43] иө„йҮ‘=ВҘ2, жҢҒд»“=2
  [14:29:49] иө„йҮ‘=ВҘ2, жҢҒд»“=2
  [14:29:54] иө„йҮ‘=ВҘ2, жҢҒд»“=2
  [14:29:59] иө„йҮ‘=ВҘ2, жҢҒд»“=2
  [14:30:05] иө„йҮ‘=ВҘ2, жҢҒд»“=2
  [14:30:10] иө„йҮ‘=ВҘ2, жҢҒд»“=2
  [14:30:15] иө„йҮ‘=ВҘ2, жҢҒд»“=2
  [14:30:20] иө„йҮ‘=ВҘ2, жҢҒд»“=2
  [14:30:26] иө„йҮ‘=ВҘ2, жҢҒд»“=2
  [14:30:31] иө„йҮ‘=ВҘ2, жҢҒд»“=2
  [14:30:36] иө„йҮ‘=ВҘ2, жҢҒд»“=2
  [14:30:42] иө„йҮ‘=ВҘ2, жҢҒд»“=2
  [14:30:47] иө„йҮ‘=ВҘ2, жҢҒд»“=2
  [14:30:52] иө„йҮ‘=ВҘ2, жҢҒд»“=2
  [14:30:58] иө„йҮ‘=ВҘ2, жҢҒд»“=2
  [14:31:03] иө„йҮ‘=ВҘ2, жҢҒд»“=2
  [14:31:08] иө„йҮ‘=ВҘ2, жҢҒд»“=2
  [14:31:13] иө„йҮ‘=ВҘ2, жҢҒд»“=2
  [14:31:19] иө„йҮ‘=ВҘ2, жҢҒд»“=2
  [14:31:24] иө„йҮ‘=ВҘ2, жҢҒд»“=2
  [14:31:29] иө„йҮ‘=ВҘ2, жҢҒд»“=2
  [14:31:34] иө„йҮ‘=ВҘ2, жҢҒд»“=2
  [14:31:40] иө„йҮ‘=ВҘ2, жҢҒд»“=2
  [14:31:45] иө„йҮ‘=ВҘ2, жҢҒд»“=2
  [14:31:50] иө„йҮ‘=ВҘ2, жҢҒд»“=2
  [14:31:55] иө„йҮ‘=ВҘ2, жҢҒд»“=2
  [14:32:02] иө„йҮ‘=ВҘ2, жҢҒд»“=2
  [14:32:07] иө„йҮ‘=ВҘ2, жҢҒд»“=2
  [14:32:13] иө„йҮ‘=ВҘ2, жҢҒд»“=2
  [14:32:18] иө„йҮ‘=ВҘ2, жҢҒд»“=2
  [14:32:23] иө„йҮ‘=ВҘ2, жҢҒд»“=2
  [14:32:29] иө„йҮ‘=ВҘ2, жҢҒд»“=2
  [14:32:34] иө„йҮ‘=ВҘ2, жҢҒд»“=2
  [14:32:39] иө„йҮ‘=ВҘ2, жҢҒд»“=2
  [14:32:44] иө„йҮ‘=ВҘ2, жҢҒд»“=2
  [14:32:50] иө„йҮ‘=ВҘ2, жҢҒд»“=2
  [14:32:55] иө„йҮ‘=ВҘ2, жҢҒд»“=2
  [14:33:00] иө„йҮ‘=ВҘ2, жҢҒд»“=2
  [14:33:05] иө„йҮ‘=ВҘ2, жҢҒд»“=2
  [14:33:11] иө„йҮ‘=ВҘ2, жҢҒд»“=2
  [14:33:16] иө„йҮ‘=ВҘ2, жҢҒд»“=2
  [14:33:22] иө„йҮ‘=ВҘ2, жҢҒд»“=2
  [14:33:27] иө„йҮ‘=ВҘ2, жҢҒд»“=2
  [14:33:32] иө„йҮ‘=ВҘ2, жҢҒд»“=2
  [14:33:37] иө„йҮ‘=ВҘ2, жҢҒд»“=2
  [14:33:43] иө„йҮ‘=ВҘ2, жҢҒд»“=2
  [14:33:48] иө„йҮ‘=ВҘ2, жҢҒд»“=2
  [14:33:53] иө„йҮ‘=ВҘ2, жҢҒд»“=2
  [14:33:58] иө„йҮ‘=ВҘ2, жҢҒд»“=2
  [14:34:04] иө„йҮ‘=ВҘ2, жҢҒд»“=2
  [14:34:09] иө„йҮ‘=ВҘ2, жҢҒд»“=2
  [14:34:14] иө„йҮ‘=ВҘ2, жҢҒд»“=2
  [14:34:19] иө„йҮ‘=ВҘ2, жҢҒд»“=2
  [14:34:25] иө„йҮ‘=ВҘ2, жҢҒд»“=2
  [14:34:30] иө„йҮ‘=ВҘ2, жҢҒд»“=2
  [14:34:35] иө„йҮ‘=ВҘ2, жҢҒд»“=2
  [14:34:41] иө„йҮ‘=ВҘ2, жҢҒд»“=2
  [14:34:46] иө„йҮ‘=ВҘ2, жҢҒд»“=2
  [14:34:51] иө„йҮ‘=ВҘ2, жҢҒд»“=2
  [14:34:57] иө„йҮ‘=ВҘ2, жҢҒд»“=2
  [14:35:02] иө„йҮ‘=ВҘ2, жҢҒд»“=2
  [14:35:07] иө„йҮ‘=ВҘ2, жҢҒд»“=2
  [14:35:12] иө„йҮ‘=ВҘ2, жҢҒд»“=2
  [14:35:18] иө„йҮ‘=ВҘ2, жҢҒд»“=2
  [14:35:23] иө„йҮ‘=ВҘ2, жҢҒд»“=2
  [14:35:28] иө„йҮ‘=ВҘ2, жҢҒд»“=2
  [14:35:33] иө„йҮ‘=ВҘ2, жҢҒд»“=2
  [14:35:39] иө„йҮ‘=ВҘ2, жҢҒд»“=2
  [14:35:44] иө„йҮ‘=ВҘ2, жҢҒд»“=2
  [14:35:49] иө„йҮ‘=ВҘ2, жҢҒд»“=2
  [14:35:54] иө„йҮ‘=ВҘ2, жҢҒд»“=2
  [14:36:00] иө„йҮ‘=ВҘ2, жҢҒд»“=2
  [14:36:05] иө„йҮ‘=ВҘ2, жҢҒд»“=2
  [14:36:11] иө„йҮ‘=ВҘ2, жҢҒд»“=2
  [14:36:16] иө„йҮ‘=ВҘ2, жҢҒд»“=2
  [14:36:21] иө„йҮ‘=ВҘ2, жҢҒд»“=2
  [14:36:27] иө„йҮ‘=ВҘ2, жҢҒд»“=2
  [14:36:32] иө„йҮ‘=ВҘ2, жҢҒд»“=2
  [14:36:38] иө„йҮ‘=ВҘ2, жҢҒд»“=2
  [14:36:43] иө„йҮ‘=ВҘ2, жҢҒд»“=2
  [14:36:48] иө„йҮ‘=ВҘ2, жҢҒд»“=2
  [14:36:54] иө„йҮ‘=ВҘ2, жҢҒд»“=2
  [14:36:59] иө„йҮ‘=ВҘ2, жҢҒд»“=2
  [14:37:04] иө„йҮ‘=ВҘ2, жҢҒд»“=2
  [14:37:09] иө„йҮ‘=ВҘ2, жҢҒд»“=2
  [14:37:15] иө„йҮ‘=ВҘ2, жҢҒд»“=2
  [14:37:20] иө„йҮ‘=ВҘ2, жҢҒд»“=2
  [14:37:26] иө„йҮ‘=ВҘ2, жҢҒд»“=2
  [14:37:31] иө„йҮ‘=ВҘ2, жҢҒд»“=2
  [14:37:36] иө„йҮ‘=ВҘ2, жҢҒд»“=2
  [14:37:41] иө„йҮ‘=ВҘ2, жҢҒд»“=2
  [14:37:47] иө„йҮ‘=ВҘ2, жҢҒд»“=2
  [14:37:52] иө„йҮ‘=ВҘ2, жҢҒд»“=2
  [14:37:57] иө„йҮ‘=ВҘ2, жҢҒд»“=2
  [14:38:02] иө„йҮ‘=ВҘ2, жҢҒд»“=2
  [14:38:08] иө„йҮ‘=ВҘ2, жҢҒд»“=2
  [14:38:13] иө„йҮ‘=ВҘ2, жҢҒд»“=2
  [14:38:18] иө„йҮ‘=ВҘ2, жҢҒд»“=2
  [14:38:23] иө„йҮ‘=ВҘ2, жҢҒд»“=2
  [14:38:29] иө„йҮ‘=ВҘ2, жҢҒд»“=2
  [14:38:34] иө„йҮ‘=ВҘ2, жҢҒд»“=2
  [14:38:39] иө„йҮ‘=ВҘ2, жҢҒд»“=2
  [14:38:45] иө„йҮ‘=ВҘ2, жҢҒд»“=2
  [14:38:50] иө„йҮ‘=ВҘ2, жҢҒд»“=2
  [14:38:55] иө„йҮ‘=ВҘ2, жҢҒд»“=2
  [14:39:00] иө„йҮ‘=ВҘ2, жҢҒд»“=2
  [14:39:06] иө„йҮ‘=ВҘ2, жҢҒд»“=2
  [14:39:11] иө„йҮ‘=ВҘ2, жҢҒд»“=2
  [14:39:16] иө„йҮ‘=ВҘ2, жҢҒд»“=2
  [14:39:21] иө„йҮ‘=ВҘ2, жҢҒд»“=2
  [14:39:27] иө„йҮ‘=ВҘ2, жҢҒд»“=2
  [14:39:32] иө„йҮ‘=ВҘ2, жҢҒд»“=2
  [14:39:37] иө„йҮ‘=ВҘ2, жҢҒд»“=2
  [14:39:42] иө„йҮ‘=ВҘ2, жҢҒд»“=2
  [14:39:48] иө„йҮ‘=ВҘ2, жҢҒд»“=2
  [14:39:53] иө„йҮ‘=ВҘ2, жҢҒд»“=2
  [14:39:59] иө„йҮ‘=ВҘ2, жҢҒд»“=2
  [14:40:04] иө„йҮ‘=ВҘ2, жҢҒд»“=2
  [14:40:09] иө„йҮ‘=ВҘ2, жҢҒд»“=2
  [14:40:14] иө„йҮ‘=ВҘ2, жҢҒд»“=2
  [14:40:20] иө„йҮ‘=ВҘ2, жҢҒд»“=2
  [14:40:25] иө„йҮ‘=ВҘ2, жҢҒд»“=2
  [14:40:30] иө„йҮ‘=ВҘ2, жҢҒд»“=2
  [14:40:35] иө„йҮ‘=ВҘ2, жҢҒд»“=2
  [14:40:41] иө„йҮ‘=ВҘ2, жҢҒд»“=2
  [14:40:46] иө„йҮ‘=ВҘ2, жҢҒд»“=2
  [14:40:51] иө„йҮ‘=ВҘ2, жҢҒд»“=2
  [14:40:56] иө„йҮ‘=ВҘ2, жҢҒд»“=2
  [14:41:02] иө„йҮ‘=ВҘ2, жҢҒд»“=2
  [14:41:07] иө„йҮ‘=ВҘ2, жҢҒд»“=2
  [14:41:12] иө„йҮ‘=ВҘ2, жҢҒд»“=2
  [14:41:18] иө„йҮ‘=ВҘ2, жҢҒд»“=2
  [14:41:23] иө„йҮ‘=ВҘ2, жҢҒд»“=2
  [14:41:28] иө„йҮ‘=ВҘ2, жҢҒд»“=2
  [14:41:33] иө„йҮ‘=ВҘ2, жҢҒд»“=2
  [14:41:39] иө„йҮ‘=ВҘ2, жҢҒд»“=2
  [14:41:44] иө„йҮ‘=ВҘ2, жҢҒд»“=2
  [14:41:49] иө„йҮ‘=ВҘ2, жҢҒд»“=2
  [14:41:54] иө„йҮ‘=ВҘ2, жҢҒд»“=2
  [14:41:59] иө„йҮ‘=ВҘ2, жҢҒд»“=2
  [14:42:05] иө„йҮ‘=ВҘ2, жҢҒд»“=2
  [14:42:10] иө„йҮ‘=ВҘ2, жҢҒд»“=2
  [14:42:15] иө„йҮ‘=ВҘ2, жҢҒд»“=2
  [14:42:20] иө„йҮ‘=ВҘ2, жҢҒд»“=2
  [14:42:26] иө„йҮ‘=ВҘ2, жҢҒд»“=2
  [14:42:31] иө„йҮ‘=ВҘ2, жҢҒд»“=2
  [14:42:37] иө„йҮ‘=ВҘ2, жҢҒд»“=2
  [14:42:43] иө„йҮ‘=ВҘ2, жҢҒд»“=2
  [14:42:48] иө„йҮ‘=ВҘ2, жҢҒд»“=2
  [14:42:53] иө„йҮ‘=ВҘ2, жҢҒд»“=2
  [14:42:59] иө„йҮ‘=ВҘ2, жҢҒд»“=2
  [14:43:04] иө„йҮ‘=ВҘ2, жҢҒд»“=2
  [14:43:09] иө„йҮ‘=ВҘ2, жҢҒд»“=2
  [14:43:15] иө„йҮ‘=ВҘ2, жҢҒд»“=2
  [14:43:20] иө„йҮ‘=ВҘ2, жҢҒд»“=2
  [14:43:26] иө„йҮ‘=ВҘ2, жҢҒд»“=2
  [14:43:31] иө„йҮ‘=ВҘ2, жҢҒд»“=2
  [14:43:36] иө„йҮ‘=ВҘ2, жҢҒд»“=2
  [14:43:41] иө„йҮ‘=ВҘ2, жҢҒд»“=2
  [14:43:46] иө„йҮ‘=ВҘ2, жҢҒд»“=2
  [14:43:52] иө„йҮ‘=ВҘ2, жҢҒд»“=2
  [14:43:58] иө„йҮ‘=ВҘ2, жҢҒд»“=2
  [14:44:03] иө„йҮ‘=ВҘ2, жҢҒд»“=2
  [14:44:08] иө„йҮ‘=ВҘ2, жҢҒд»“=2
  [14:44:13] иө„йҮ‘=ВҘ2, жҢҒд»“=2
  [14:44:18] иө„йҮ‘=ВҘ2, жҢҒд»“=2
  [14:44:24] иө„йҮ‘=ВҘ2, жҢҒд»“=2
  [14:44:29] иө„йҮ‘=ВҘ2, жҢҒд»“=2
  [14:44:34] иө„йҮ‘=ВҘ2, жҢҒд»“=2
  [14:44:40] иө„йҮ‘=ВҘ2, жҢҒд»“=2
  [14:44:45] иө„йҮ‘=ВҘ2, жҢҒд»“=2
  [14:44:50] иө„йҮ‘=ВҘ2, жҢҒд»“=2
  [14:44:56] иө„йҮ‘=ВҘ2, жҢҒд»“=2
  [14:45:01] иө„йҮ‘=ВҘ2, жҢҒд»“=2
  [14:45:06] иө„йҮ‘=ВҘ2, жҢҒд»“=2
  [14:45:11] иө„йҮ‘=ВҘ2, жҢҒд»“=2
  [14:45:17] иө„йҮ‘=ВҘ2, жҢҒд»“=2
  [14:45:22] иө„йҮ‘=ВҘ2, жҢҒд»“=2
  [14:45:28] иө„йҮ‘=ВҘ2, жҢҒд»“=2
  [14:45:33] иө„йҮ‘=ВҘ2, жҢҒд»“=2
  [14:45:38] иө„йҮ‘=ВҘ2, жҢҒд»“=2
  [14:45:43] иө„йҮ‘=ВҘ2, жҢҒд»“=2
  [14:45:49] иө„йҮ‘=ВҘ2, жҢҒд»“=2
  [14:45:54] иө„йҮ‘=ВҘ2, жҢҒд»“=2
  [14:45:59] иө„йҮ‘=ВҘ2, жҢҒд»“=2
  [14:46:04] иө„йҮ‘=ВҘ2, жҢҒд»“=2
  [14:46:09] иө„йҮ‘=ВҘ2, жҢҒд»“=2
  [14:46:15] иө„йҮ‘=ВҘ2, жҢҒд»“=2
  [14:46:20] иө„йҮ‘=ВҘ2, жҢҒд»“=2
  [14:46:25] иө„йҮ‘=ВҘ2, жҢҒд»“=2
  [14:46:30] иө„йҮ‘=ВҘ2, жҢҒд»“=2
  [14:46:37] иө„йҮ‘=ВҘ2, жҢҒд»“=2
  [14:46:42] иө„йҮ‘=ВҘ2, жҢҒд»“=2
  [14:46:47] иө„йҮ‘=ВҘ2, жҢҒд»“=2
  [14:46:53] иө„йҮ‘=ВҘ2, жҢҒд»“=2
  [14:46:58] иө„йҮ‘=ВҘ2, жҢҒд»“=2
  [14:47:04] иө„йҮ‘=ВҘ2, жҢҒд»“=2
  [14:47:09] иө„йҮ‘=ВҘ2, жҢҒд»“=2
  [14:47:14] иө„йҮ‘=ВҘ2, жҢҒд»“=2
  [14:47:20] иө„йҮ‘=ВҘ2, жҢҒд»“=2
  [14:47:25] иө„йҮ‘=ВҘ2, жҢҒд»“=2
  [14:47:30] иө„йҮ‘=ВҘ2, жҢҒд»“=2
  [14:47:36] иө„йҮ‘=ВҘ2, жҢҒд»“=2
  [14:47:41] иө„йҮ‘=ВҘ2, жҢҒд»“=2
  [14:47:46] иө„йҮ‘=ВҘ2, жҢҒд»“=2
  [14:47:51] иө„йҮ‘=ВҘ2, жҢҒд»“=2
  [14:47:57] иө„йҮ‘=ВҘ2, жҢҒд»“=2
  [14:48:02] иө„йҮ‘=ВҘ2, жҢҒд»“=2
  [14:48:08] иө„йҮ‘=ВҘ2, жҢҒд»“=2
  [14:48:13] иө„йҮ‘=ВҘ2, жҢҒд»“=2
  [14:48:18] иө„йҮ‘=ВҘ2, жҢҒд»“=2
  [14:48:23] иө„йҮ‘=ВҘ2, жҢҒд»“=2
  [14:48:29] иө„йҮ‘=ВҘ2, жҢҒд»“=2
  [14:48:34] иө„йҮ‘=ВҘ2, жҢҒд»“=2
  [14:48:39] иө„йҮ‘=ВҘ2, жҢҒд»“=2
  [14:48:44] иө„йҮ‘=ВҘ2, жҢҒд»“=2
  [14:48:49] иө„йҮ‘=ВҘ2, жҢҒд»“=2
  [14:48:55] иө„йҮ‘=ВҘ2, жҢҒд»“=2
  [14:49:00] иө„йҮ‘=ВҘ2, жҢҒд»“=2
  [14:49:05] иө„йҮ‘=ВҘ2, жҢҒд»“=2
  [14:49:10] иө„йҮ‘=ВҘ2, жҢҒд»“=2
  [14:49:16] иө„йҮ‘=ВҘ2, жҢҒд»“=2
  [14:49:21] иө„йҮ‘=ВҘ2, жҢҒд»“=2
  [14:49:27] иө„йҮ‘=ВҘ2, жҢҒд»“=2
  [14:49:32] иө„йҮ‘=ВҘ2, жҢҒд»“=2
  [14:49:37] иө„йҮ‘=ВҘ2, жҢҒд»“=2
  [14:49:43] иө„йҮ‘=ВҘ2, жҢҒд»“=2
  [14:49:48] иө„йҮ‘=ВҘ2, жҢҒд»“=2
  [14:49:53] иө„йҮ‘=ВҘ2, жҢҒд»“=2
  [14:49:58] иө„йҮ‘=ВҘ2, жҢҒд»“=2
  [14:50:04] иө„йҮ‘=ВҘ2, жҢҒд»“=2
  [14:50:09] иө„йҮ‘=ВҘ2, жҢҒд»“=2
  [14:50:15] иө„йҮ‘=ВҘ2, жҢҒд»“=2
  [14:50:20] иө„йҮ‘=ВҘ2, жҢҒд»“=2
  [14:50:25] иө„йҮ‘=ВҘ2, жҢҒд»“=2
  [14:50:31] иө„йҮ‘=ВҘ2, жҢҒд»“=2
  [14:50:37] иө„йҮ‘=ВҘ2, жҢҒд»“=2
  [14:50:42] иө„йҮ‘=ВҘ2, жҢҒд»“=2
  [14:50:47] иө„йҮ‘=ВҘ2, жҢҒд»“=2
  [14:50:53] иө„йҮ‘=ВҘ2, жҢҒд»“=2
  [14:50:58] иө„йҮ‘=ВҘ2, жҢҒд»“=2
  [14:51:03] иө„йҮ‘=ВҘ2, жҢҒд»“=2
  [14:51:08] иө„йҮ‘=ВҘ2, жҢҒд»“=2
  [14:51:13] иө„йҮ‘=ВҘ2, жҢҒд»“=2
  [14:51:19] иө„йҮ‘=ВҘ2, жҢҒд»“=2
  [14:51:24] иө„йҮ‘=ВҘ2, жҢҒд»“=2
  [14:51:29] иө„йҮ‘=ВҘ2, жҢҒд»“=2
  [14:51:34] иө„йҮ‘=ВҘ2, жҢҒд»“=2
  [14:51:40] иө„йҮ‘=ВҘ2, жҢҒд»“=2
  [14:51:45] иө„йҮ‘=ВҘ2, жҢҒд»“=2
  [14:51:50] иө„йҮ‘=ВҘ2, жҢҒд»“=2
  [14:51:56] иө„йҮ‘=ВҘ2, жҢҒд»“=2
  [14:52:01] иө„йҮ‘=ВҘ2, жҢҒд»“=2
  [14:52:07] иө„йҮ‘=ВҘ2, жҢҒд»“=2
  [14:52:12] иө„йҮ‘=ВҘ2, жҢҒд»“=2
  [14:52:17] иө„йҮ‘=ВҘ2, жҢҒд»“=2
  [14:52:22] иө„йҮ‘=ВҘ2, жҢҒд»“=2
  [14:52:28] иө„йҮ‘=ВҘ2, жҢҒд»“=2
  [14:52:33] иө„йҮ‘=ВҘ2, жҢҒд»“=2
  [14:52:38] иө„йҮ‘=ВҘ2, жҢҒд»“=2
  [14:52:43] иө„йҮ‘=ВҘ2, жҢҒд»“=2
  [14:52:49] иө„йҮ‘=ВҘ2, жҢҒд»“=2
  [14:52:54] иө„йҮ‘=ВҘ2, жҢҒд»“=2
  [14:52:59] иө„йҮ‘=ВҘ2, жҢҒд»“=2
  [14:53:05] иө„йҮ‘=ВҘ2, жҢҒд»“=2
  [14:53:10] иө„йҮ‘=ВҘ2, жҢҒд»“=2
  [14:53:15] иө„йҮ‘=ВҘ2, жҢҒд»“=2
  [14:53:21] иө„йҮ‘=ВҘ2, жҢҒд»“=2
  [14:53:26] иө„йҮ‘=ВҘ2, жҢҒд»“=2
  [14:53:31] иө„йҮ‘=ВҘ2, жҢҒд»“=2
  [14:53:36] иө„йҮ‘=ВҘ2, жҢҒд»“=2
  [14:53:42] иө„йҮ‘=ВҘ2, жҢҒд»“=2
  [14:53:47] иө„йҮ‘=ВҘ2, жҢҒд»“=2
  [14:53:52] иө„йҮ‘=ВҘ2, жҢҒд»“=2
  [14:53:57] иө„йҮ‘=ВҘ2, жҢҒд»“=2
  [14:54:03] иө„йҮ‘=ВҘ2, жҢҒд»“=2
  [14:54:08] иө„йҮ‘=ВҘ2, жҢҒд»“=2
  [14:54:13] иө„йҮ‘=ВҘ2, жҢҒд»“=2
  [14:54:18] иө„йҮ‘=ВҘ2, жҢҒд»“=2
  [14:54:24] иө„йҮ‘=ВҘ2, жҢҒд»“=2
  [14:54:29] иө„йҮ‘=ВҘ2, жҢҒд»“=2
  [14:54:35] иө„йҮ‘=ВҘ2, жҢҒд»“=2
  [14:54:40] иө„йҮ‘=ВҘ2, жҢҒд»“=2
  [14:54:45] иө„йҮ‘=ВҘ2, жҢҒд»“=2
  [14:54:50] иө„йҮ‘=ВҘ2, жҢҒд»“=2
  [14:54:56] иө„йҮ‘=ВҘ2, жҢҒд»“=2
  [14:55:01] иө„йҮ‘=ВҘ2, жҢҒд»“=2
  [14:55:06] иө„йҮ‘=ВҘ2, жҢҒд»“=2
  [14:55:11] иө„йҮ‘=ВҘ2, жҢҒд»“=2
  [14:55:17] иө„йҮ‘=ВҘ2, жҢҒд»“=2
  [14:55:22] иө„йҮ‘=ВҘ2, жҢҒд»“=2
  [14:55:27] иө„йҮ‘=ВҘ2, жҢҒд»“=2
  [14:55:32] иө„йҮ‘=ВҘ2, жҢҒд»“=2
  [14:55:38] иө„йҮ‘=ВҘ2, жҢҒд»“=2
  [14:55:43] иө„йҮ‘=ВҘ2, жҢҒд»“=2
  [14:55:48] иө„йҮ‘=ВҘ2, жҢҒд»“=2
  [14:55:54] иө„йҮ‘=ВҘ2, жҢҒд»“=2
  [14:55:59] иө„йҮ‘=ВҘ2, жҢҒд»“=2
  [14:56:04] иө„йҮ‘=ВҘ2, жҢҒд»“=2
  [14:56:10] иө„йҮ‘=ВҘ2, жҢҒд»“=2
  [14:56:15] иө„йҮ‘=ВҘ2, жҢҒд»“=2
  [14:56:20] иө„йҮ‘=ВҘ2, жҢҒд»“=2
  [14:56:25] иө„йҮ‘=ВҘ2, жҢҒд»“=2
  [14:56:31] иө„йҮ‘=ВҘ2, жҢҒд»“=2
  [14:56:36] иө„йҮ‘=ВҘ2, жҢҒд»“=2
  [14:56:41] иө„йҮ‘=ВҘ2, жҢҒд»“=2
  [14:56:46] иө„йҮ‘=ВҘ2, жҢҒд»“=2
  [14:56:51] иө„йҮ‘=ВҘ2, жҢҒд»“=2
  [14:56:57] иө„йҮ‘=ВҘ2, жҢҒд»“=2
  [14:57:02] иө„йҮ‘=ВҘ2, жҢҒд»“=2
  [14:57:07] иө„йҮ‘=ВҘ2, жҢҒд»“=2
  [14:57:13] иө„йҮ‘=ВҘ2, жҢҒд»“=2
  [14:57:18] иө„йҮ‘=ВҘ2, жҢҒд»“=2
  [14:57:24] иө„йҮ‘=ВҘ2, жҢҒд»“=2
  [14:57:29] иө„йҮ‘=ВҘ2, жҢҒд»“=2
  [14:57:34] иө„йҮ‘=ВҘ2, жҢҒд»“=2
  [14:57:39] иө„йҮ‘=ВҘ2, жҢҒд»“=2
  [14:57:44] иө„йҮ‘=ВҘ2, жҢҒд»“=2
  [14:57:50] иө„йҮ‘=ВҘ2, жҢҒд»“=2
  [14:57:55] иө„йҮ‘=ВҘ2, жҢҒд»“=2
  [14:58:00] иө„йҮ‘=ВҘ2, жҢҒд»“=2
  [14:58:05] иө„йҮ‘=ВҘ2, жҢҒд»“=2
  [14:58:10] иө„йҮ‘=ВҘ2, жҢҒд»“=2
  [14:58:16] иө„йҮ‘=ВҘ2, жҢҒд»“=2
  [14:58:21] иө„йҮ‘=ВҘ2, жҢҒд»“=2
  [14:58:26] иө„йҮ‘=ВҘ2, жҢҒд»“=2
  [14:58:32] иө„йҮ‘=ВҘ2, жҢҒд»“=2
  [14:58:37] иө„йҮ‘=ВҘ2, жҢҒд»“=2
  [14:58:42] иө„йҮ‘=ВҘ2, жҢҒд»“=2
  [14:58:47] иө„йҮ‘=ВҘ2, жҢҒд»“=2
  [14:58:53] иө„йҮ‘=ВҘ2, жҢҒд»“=2
  [14:58:58] иө„йҮ‘=ВҘ2, жҢҒд»“=2
  [14:59:03] иө„йҮ‘=ВҘ2, жҢҒд»“=2
  [14:59:08] иө„йҮ‘=ВҘ2, жҢҒд»“=2
  [14:59:14] иө„йҮ‘=ВҘ2, жҢҒд»“=2
  [14:59:19] иө„йҮ‘=ВҘ2, жҢҒд»“=2
  [14:59:24] иө„йҮ‘=ВҘ2, жҢҒд»“=2
  [14:59:30] иө„йҮ‘=ВҘ2, жҢҒд»“=2
  [14:59:35] иө„йҮ‘=ВҘ2, жҢҒд»“=2
  [14:59:40] иө„йҮ‘=ВҘ2, жҢҒд»“=2
  [14:59:45] иө„йҮ‘=ВҘ2, жҢҒд»“=2
  [14:59:51] иө„йҮ‘=ВҘ2, жҢҒд»“=2
  [14:59:57] иө„йҮ‘=ВҘ2, жҢҒд»“=2

  иө„йҮ‘=ВҘ2, жҢҒд»“=2, жқғзӣҠ=ВҘ4949
  зҙҜи®Ўж”¶зӣҠ: -1.0%
  иө„йҮ‘е·Ідҝқеӯҳ вҶ’ paper_account
вң… жЁЎжӢҹдәӨжҳ“з»“жқҹ
